TRACE::2024-04-11.21:11:43::SCWPlatform::Trying to open the hw design at D:/ece385sp24/Tetris/tetris_workspace/tetris_top/hw/tetris_top.xsa
TRACE::2024-04-11.21:11:43::SCWPlatform::DSA given D:/ece385sp24/Tetris/tetris_workspace/tetris_top/hw/tetris_top.xsa
TRACE::2024-04-11.21:11:43::SCWPlatform::DSA absoulate path D:/ece385sp24/Tetris/tetris_workspace/tetris_top/hw/tetris_top.xsa
TRACE::2024-04-11.21:11:43::SCWPlatform::DSA directory D:/ece385sp24/Tetris/tetris_workspace/tetris_top/hw
TRACE::2024-04-11.21:11:43::SCWPlatform:: Platform Path D:/ece385sp24/Tetris/tetris_workspace/tetris_top/hw/tetris_top.xsa
TRACE::2024-04-11.21:11:43::SCWPlatform:: Unique name xilinx:::0.0
TRACE::2024-04-11.21:11:43::SCWPlatform::Do not have an existing db opened. 
TRACE::2024-04-11.21:11:43::SCWPlatform::Opened new HwDB with name mb_usb_hdmi_top_0
TRACE::2024-04-11.21:11:43::SCWWriter::formatted JSON is {
	"platformName":	"tetris_top",
	"sprVersion":	"2.0",
	"mode":	"gui",
	"dsaType":	"Fixed",
	"platformDesc":	"tetris_top",
	"platHandOff":	"D:/ece385sp24/Tetris/tetris_hardware/tetris_top.xsa",
	"platIntHandOff":	"<platformDir>/hw/tetris_top.xsa",
	"deviceType":	"FPGA",
	"platIsPrebuiltAutogen":	"false",
	"platIsNoBootBsp":	"false",
	"hasFsblMakeHasChanges":	"false",
	"hasPmufwMakeHasChanges":	"false",
	"platPreBuiltFlag":	false,
	"platformSamplesDir":	""
}
TRACE::2024-04-11.21:11:43::SCWWriter::formatted JSON is {
	"platformName":	"tetris_top",
	"sprVersion":	"2.0",
	"mode":	"gui",
	"dsaType":	"Fixed",
	"platformDesc":	"tetris_top",
	"platHandOff":	"D:/ece385sp24/Tetris/tetris_hardware/tetris_top.xsa",
	"platIntHandOff":	"<platformDir>/hw/tetris_top.xsa",
	"deviceType":	"FPGA",
	"platIsPrebuiltAutogen":	"false",
	"platIsNoBootBsp":	"false",
	"hasFsblMakeHasChanges":	"false",
	"hasPmufwMakeHasChanges":	"false",
	"platPreBuiltFlag":	false,
	"platformSamplesDir":	"",
	"platActiveSys":	"tetris_top",
	"systems":	[{
			"systemName":	"tetris_top",
			"systemDesc":	"tetris_top",
			"sysIsBootAutoGen":	"true",
			"systemDispName":	"tetris_top"
		}]
}
TRACE::2024-04-11.21:11:43::SCWPlatform::Boot application domains not present, creating them
TRACE::2024-04-11.21:11:43::SCWPlatform::Pure FPGA device, no boot application will be created.
TRACE::2024-04-11.21:11:43::SCWWriter::formatted JSON is {
	"platformName":	"tetris_top",
	"sprVersion":	"2.0",
	"mode":	"gui",
	"dsaType":	"Fixed",
	"platformDesc":	"tetris_top",
	"platHandOff":	"D:/ece385sp24/Tetris/tetris_hardware/tetris_top.xsa",
	"platIntHandOff":	"<platformDir>/hw/tetris_top.xsa",
	"deviceType":	"FPGA",
	"platIsPrebuiltAutogen":	"false",
	"platIsNoBootBsp":	"false",
	"hasFsblMakeHasChanges":	"false",
	"hasPmufwMakeHasChanges":	"false",
	"platPreBuiltFlag":	false,
	"platformSamplesDir":	"",
	"platActiveSys":	"tetris_top",
	"systems":	[{
			"systemName":	"tetris_top",
			"systemDesc":	"tetris_top",
			"sysIsBootAutoGen":	"true",
			"systemDispName":	"tetris_top"
		}]
}
TRACE::2024-04-11.21:11:43::SCWWriter::formatted JSON is {
	"platformName":	"tetris_top",
	"sprVersion":	"2.0",
	"mode":	"gui",
	"dsaType":	"Fixed",
	"platformDesc":	"tetris_top",
	"platHandOff":	"D:/ece385sp24/Tetris/tetris_hardware/tetris_top.xsa",
	"platIntHandOff":	"<platformDir>/hw/tetris_top.xsa",
	"deviceType":	"FPGA",
	"platIsPrebuiltAutogen":	"false",
	"platIsNoBootBsp":	"false",
	"hasFsblMakeHasChanges":	"false",
	"hasPmufwMakeHasChanges":	"false",
	"platPreBuiltFlag":	false,
	"platformSamplesDir":	"",
	"platActiveSys":	"tetris_top",
	"systems":	[{
			"systemName":	"tetris_top",
			"systemDesc":	"tetris_top",
			"sysIsBootAutoGen":	"true",
			"systemDispName":	"tetris_top"
		}]
}
TRACE::2024-04-11.21:11:43::SCWPlatform::Trying to open the hw design at D:/ece385sp24/Tetris/tetris_workspace/tetris_top/hw/tetris_top.xsa
TRACE::2024-04-11.21:11:43::SCWPlatform::DSA given D:/ece385sp24/Tetris/tetris_workspace/tetris_top/hw/tetris_top.xsa
TRACE::2024-04-11.21:11:43::SCWPlatform::DSA absoulate path D:/ece385sp24/Tetris/tetris_workspace/tetris_top/hw/tetris_top.xsa
TRACE::2024-04-11.21:11:43::SCWPlatform::DSA directory D:/ece385sp24/Tetris/tetris_workspace/tetris_top/hw
TRACE::2024-04-11.21:11:43::SCWPlatform:: Platform Path D:/ece385sp24/Tetris/tetris_workspace/tetris_top/hw/tetris_top.xsa
TRACE::2024-04-11.21:11:43::SCWPlatform:: Unique name xilinx:::0.0
TRACE::2024-04-11.21:11:43::SCWPlatform::Trying to set the existing hwdb with name mb_usb_hdmi_top_0
TRACE::2024-04-11.21:11:43::SCWPlatform::Opened existing hwdb mb_usb_hdmi_top_0
TRACE::2024-04-11.21:11:43::SCWPlatform::Found the Hw Db part of the input DSA
TRACE::2024-04-11.21:11:43::SCWPlatform::Trying to open the hw design at D:/ece385sp24/Tetris/tetris_workspace/tetris_top/hw/tetris_top.xsa
TRACE::2024-04-11.21:11:43::SCWPlatform::DSA given D:/ece385sp24/Tetris/tetris_workspace/tetris_top/hw/tetris_top.xsa
TRACE::2024-04-11.21:11:43::SCWPlatform::DSA absoulate path D:/ece385sp24/Tetris/tetris_workspace/tetris_top/hw/tetris_top.xsa
TRACE::2024-04-11.21:11:43::SCWPlatform::DSA directory D:/ece385sp24/Tetris/tetris_workspace/tetris_top/hw
TRACE::2024-04-11.21:11:43::SCWPlatform:: Platform Path D:/ece385sp24/Tetris/tetris_workspace/tetris_top/hw/tetris_top.xsa
TRACE::2024-04-11.21:11:43::SCWPlatform:: Unique name xilinx:::0.0
TRACE::2024-04-11.21:11:43::SCWPlatform::Trying to set the existing hwdb with name mb_usb_hdmi_top_0
TRACE::2024-04-11.21:11:43::SCWPlatform::Opened existing hwdb mb_usb_hdmi_top_0
TRACE::2024-04-11.21:11:43::SCWPlatform::Found the Hw Db part of the input DSA
TRACE::2024-04-11.21:11:43::SCWDomain::checking for install qemu data   : 
TRACE::2024-04-11.21:11:43::SCWPlatform::Trying to open the hw design at D:/ece385sp24/Tetris/tetris_workspace/tetris_top/hw/tetris_top.xsa
TRACE::2024-04-11.21:11:43::SCWPlatform::DSA given D:/ece385sp24/Tetris/tetris_workspace/tetris_top/hw/tetris_top.xsa
TRACE::2024-04-11.21:11:43::SCWPlatform::DSA absoulate path D:/ece385sp24/Tetris/tetris_workspace/tetris_top/hw/tetris_top.xsa
TRACE::2024-04-11.21:11:43::SCWPlatform::DSA directory D:/ece385sp24/Tetris/tetris_workspace/tetris_top/hw
TRACE::2024-04-11.21:11:43::SCWPlatform:: Platform Path D:/ece385sp24/Tetris/tetris_workspace/tetris_top/hw/tetris_top.xsa
TRACE::2024-04-11.21:11:43::SCWPlatform:: Unique name xilinx:::0.0
TRACE::2024-04-11.21:11:43::SCWPlatform::Trying to set the existing hwdb with name mb_usb_hdmi_top_0
TRACE::2024-04-11.21:11:43::SCWPlatform::Opened existing hwdb mb_usb_hdmi_top_0
TRACE::2024-04-11.21:11:43::SCWPlatform::Found the Hw Db part of the input DSA
TRACE::2024-04-11.21:11:43::SCWPlatform::Trying to open the hw design at D:/ece385sp24/Tetris/tetris_workspace/tetris_top/hw/tetris_top.xsa
TRACE::2024-04-11.21:11:43::SCWPlatform::DSA given D:/ece385sp24/Tetris/tetris_workspace/tetris_top/hw/tetris_top.xsa
TRACE::2024-04-11.21:11:43::SCWPlatform::DSA absoulate path D:/ece385sp24/Tetris/tetris_workspace/tetris_top/hw/tetris_top.xsa
TRACE::2024-04-11.21:11:43::SCWPlatform::DSA directory D:/ece385sp24/Tetris/tetris_workspace/tetris_top/hw
TRACE::2024-04-11.21:11:43::SCWPlatform:: Platform Path D:/ece385sp24/Tetris/tetris_workspace/tetris_top/hw/tetris_top.xsa
TRACE::2024-04-11.21:11:43::SCWPlatform:: Unique name xilinx:::0.0
TRACE::2024-04-11.21:11:43::SCWPlatform::Trying to set the existing hwdb with name mb_usb_hdmi_top_0
TRACE::2024-04-11.21:11:43::SCWPlatform::Opened existing hwdb mb_usb_hdmi_top_0
TRACE::2024-04-11.21:11:43::SCWPlatform::Found the Hw Db part of the input DSA
TRACE::2024-04-11.21:11:43::SCWPlatform::Trying to open the hw design at D:/ece385sp24/Tetris/tetris_workspace/tetris_top/hw/tetris_top.xsa
TRACE::2024-04-11.21:11:43::SCWPlatform::DSA given D:/ece385sp24/Tetris/tetris_workspace/tetris_top/hw/tetris_top.xsa
TRACE::2024-04-11.21:11:43::SCWPlatform::DSA absoulate path D:/ece385sp24/Tetris/tetris_workspace/tetris_top/hw/tetris_top.xsa
TRACE::2024-04-11.21:11:43::SCWPlatform::DSA directory D:/ece385sp24/Tetris/tetris_workspace/tetris_top/hw
TRACE::2024-04-11.21:11:43::SCWPlatform:: Platform Path D:/ece385sp24/Tetris/tetris_workspace/tetris_top/hw/tetris_top.xsa
TRACE::2024-04-11.21:11:43::SCWPlatform:: Unique name xilinx:::0.0
TRACE::2024-04-11.21:11:43::SCWPlatform::Trying to set the existing hwdb with name mb_usb_hdmi_top_0
TRACE::2024-04-11.21:11:43::SCWPlatform::Opened existing hwdb mb_usb_hdmi_top_0
TRACE::2024-04-11.21:11:43::SCWPlatform::Found the Hw Db part of the input DSA
TRACE::2024-04-11.21:11:43::SCWMssOS::Checking the sw design at  D:/ece385sp24/Tetris/tetris_workspace/tetris_top/microblaze_0/standalone_microblaze_0/bsp/system.mss
TRACE::2024-04-11.21:11:43::SCWMssOS::DEBUG:  swdes dump  
TRACE::2024-04-11.21:11:43::SCWMssOS::No sw design opened at  D:/ece385sp24/Tetris/tetris_workspace/tetris_top/microblaze_0/standalone_microblaze_0/bsp/system.mss
TRACE::2024-04-11.21:11:43::SCWMssOS::mss does not exists at D:/ece385sp24/Tetris/tetris_workspace/tetris_top/microblaze_0/standalone_microblaze_0/bsp/system.mss
TRACE::2024-04-11.21:11:43::SCWMssOS::Creating sw design at  D:/ece385sp24/Tetris/tetris_workspace/tetris_top/microblaze_0/standalone_microblaze_0/bsp/system.mss
TRACE::2024-04-11.21:11:43::SCWMssOS::Adding the swdes entry, created swdb D:/ece385sp24/Tetris/tetris_workspace/tetris_top/microblaze_0/standalone_microblaze_0/bsp/system.mss with des name D:/ece385sp24/Tetris/tetris_workspace/tetris_top/microblaze_0/standalone_microblaze_0/bsp/system.mss
TRACE::2024-04-11.21:11:43::SCWMssOS::updating the scw layer changes to swdes at   D:/ece385sp24/Tetris/tetris_workspace/tetris_top/microblaze_0/standalone_microblaze_0/bsp/system.mss
TRACE::2024-04-11.21:11:43::SCWMssOS::Writing mss at D:/ece385sp24/Tetris/tetris_workspace/tetris_top/microblaze_0/standalone_microblaze_0/bsp/system.mss
TRACE::2024-04-11.21:11:43::SCWMssOS::Completed writing the mss file at D:/ece385sp24/Tetris/tetris_workspace/tetris_top/microblaze_0/standalone_microblaze_0/bsp
TRACE::2024-04-11.21:11:43::SCWMssOS::Picking up changes from newly written mss file into SCW Layer. 
TRACE::2024-04-11.21:11:43::SCWMssOS::Updated the changes from newly written mss file into SCW Layer. 
TRACE::2024-04-11.21:11:43::SCWMssOS::Completed writing the mss file at D:/ece385sp24/Tetris/tetris_workspace/tetris_top/microblaze_0/standalone_microblaze_0/bsp
TRACE::2024-04-11.21:11:43::SCWMssOS::Forcing BSP Sources regeneration.
TRACE::2024-04-11.21:11:44::SCWMssOS::Saving the mss changes D:/ece385sp24/Tetris/tetris_workspace/tetris_top/microblaze_0/standalone_microblaze_0/bsp/system.mss
TRACE::2024-04-11.21:11:44::SCWMssOS::Adding the swdes entry, mss present, able to open swdb D:/ece385sp24/Tetris/tetris_workspace/tetris_top/microblaze_0/standalone_microblaze_0/bsp/system.mss with des name system
TRACE::2024-04-11.21:11:44::SCWMssOS::Writing the mss file completed D:/ece385sp24/Tetris/tetris_workspace/tetris_top/microblaze_0/standalone_microblaze_0/bsp/system.mss
TRACE::2024-04-11.21:11:44::SCWMssOS::Commit changes completed.
TRACE::2024-04-11.21:11:44::SCWPlatform::Trying to open the hw design at D:/ece385sp24/Tetris/tetris_workspace/tetris_top/hw/tetris_top.xsa
TRACE::2024-04-11.21:11:44::SCWPlatform::DSA given D:/ece385sp24/Tetris/tetris_workspace/tetris_top/hw/tetris_top.xsa
TRACE::2024-04-11.21:11:44::SCWPlatform::DSA absoulate path D:/ece385sp24/Tetris/tetris_workspace/tetris_top/hw/tetris_top.xsa
TRACE::2024-04-11.21:11:44::SCWPlatform::DSA directory D:/ece385sp24/Tetris/tetris_workspace/tetris_top/hw
TRACE::2024-04-11.21:11:44::SCWPlatform:: Platform Path D:/ece385sp24/Tetris/tetris_workspace/tetris_top/hw/tetris_top.xsa
TRACE::2024-04-11.21:11:44::SCWPlatform:: Unique name xilinx:::0.0
TRACE::2024-04-11.21:11:44::SCWPlatform::Trying to set the existing hwdb with name mb_usb_hdmi_top_0
TRACE::2024-04-11.21:11:44::SCWPlatform::Opened existing hwdb mb_usb_hdmi_top_0
TRACE::2024-04-11.21:11:44::SCWPlatform::Found the Hw Db part of the input DSA
TRACE::2024-04-11.21:11:44::SCWMssOS::Checking the sw design at  D:/ece385sp24/Tetris/tetris_workspace/tetris_top/microblaze_0/standalone_microblaze_0/bsp/system.mss
TRACE::2024-04-11.21:11:44::SCWMssOS::DEBUG:  swdes dump  D:/ece385sp24/Tetris/tetris_workspace/tetris_top/microblaze_0/standalone_microblaze_0/bsp/system.mss|system||

TRACE::2024-04-11.21:11:44::SCWMssOS::Sw design exists and opened at  D:/ece385sp24/Tetris/tetris_workspace/tetris_top/microblaze_0/standalone_microblaze_0/bsp/system.mss
TRACE::2024-04-11.21:11:44::SCWPlatform::Trying to open the hw design at D:/ece385sp24/Tetris/tetris_workspace/tetris_top/hw/tetris_top.xsa
TRACE::2024-04-11.21:11:44::SCWPlatform::DSA given D:/ece385sp24/Tetris/tetris_workspace/tetris_top/hw/tetris_top.xsa
TRACE::2024-04-11.21:11:44::SCWPlatform::DSA absoulate path D:/ece385sp24/Tetris/tetris_workspace/tetris_top/hw/tetris_top.xsa
TRACE::2024-04-11.21:11:44::SCWPlatform::DSA directory D:/ece385sp24/Tetris/tetris_workspace/tetris_top/hw
TRACE::2024-04-11.21:11:44::SCWPlatform:: Platform Path D:/ece385sp24/Tetris/tetris_workspace/tetris_top/hw/tetris_top.xsa
TRACE::2024-04-11.21:11:44::SCWPlatform:: Unique name xilinx:::0.0
TRACE::2024-04-11.21:11:44::SCWPlatform::Trying to set the existing hwdb with name mb_usb_hdmi_top_0
TRACE::2024-04-11.21:11:44::SCWPlatform::Opened existing hwdb mb_usb_hdmi_top_0
TRACE::2024-04-11.21:11:44::SCWPlatform::Found the Hw Db part of the input DSA
TRACE::2024-04-11.21:11:44::SCWMssOS::Checking the sw design at  D:/ece385sp24/Tetris/tetris_workspace/tetris_top/microblaze_0/standalone_microblaze_0/bsp/system.mss
TRACE::2024-04-11.21:11:44::SCWMssOS::DEBUG:  swdes dump  D:/ece385sp24/Tetris/tetris_workspace/tetris_top/microblaze_0/standalone_microblaze_0/bsp/system.mss|system||

TRACE::2024-04-11.21:11:44::SCWMssOS::Sw design exists and opened at  D:/ece385sp24/Tetris/tetris_workspace/tetris_top/microblaze_0/standalone_microblaze_0/bsp/system.mss
TRACE::2024-04-11.21:11:44::SCWPlatform::Trying to open the hw design at D:/ece385sp24/Tetris/tetris_workspace/tetris_top/hw/tetris_top.xsa
TRACE::2024-04-11.21:11:44::SCWPlatform::DSA given D:/ece385sp24/Tetris/tetris_workspace/tetris_top/hw/tetris_top.xsa
TRACE::2024-04-11.21:11:44::SCWPlatform::DSA absoulate path D:/ece385sp24/Tetris/tetris_workspace/tetris_top/hw/tetris_top.xsa
TRACE::2024-04-11.21:11:44::SCWPlatform::DSA directory D:/ece385sp24/Tetris/tetris_workspace/tetris_top/hw
TRACE::2024-04-11.21:11:44::SCWPlatform:: Platform Path D:/ece385sp24/Tetris/tetris_workspace/tetris_top/hw/tetris_top.xsa
TRACE::2024-04-11.21:11:44::SCWPlatform:: Unique name xilinx:::0.0
TRACE::2024-04-11.21:11:44::SCWPlatform::Trying to set the existing hwdb with name mb_usb_hdmi_top_0
TRACE::2024-04-11.21:11:44::SCWPlatform::Opened existing hwdb mb_usb_hdmi_top_0
TRACE::2024-04-11.21:11:44::SCWPlatform::Found the Hw Db part of the input DSA
TRACE::2024-04-11.21:11:44::SCWMssOS::Checking the sw design at  D:/ece385sp24/Tetris/tetris_workspace/tetris_top/microblaze_0/standalone_microblaze_0/bsp/system.mss
TRACE::2024-04-11.21:11:44::SCWMssOS::DEBUG:  swdes dump  D:/ece385sp24/Tetris/tetris_workspace/tetris_top/microblaze_0/standalone_microblaze_0/bsp/system.mss|system||

TRACE::2024-04-11.21:11:44::SCWMssOS::Sw design exists and opened at  D:/ece385sp24/Tetris/tetris_workspace/tetris_top/microblaze_0/standalone_microblaze_0/bsp/system.mss
TRACE::2024-04-11.21:11:44::SCWWriter::formatted JSON is {
	"platformName":	"tetris_top",
	"sprVersion":	"2.0",
	"mode":	"gui",
	"dsaType":	"Fixed",
	"platformDesc":	"tetris_top",
	"platHandOff":	"D:/ece385sp24/Tetris/tetris_hardware/tetris_top.xsa",
	"platIntHandOff":	"<platformDir>/hw/tetris_top.xsa",
	"deviceType":	"FPGA",
	"platIsPrebuiltAutogen":	"false",
	"platIsNoBootBsp":	"false",
	"hasFsblMakeHasChanges":	"false",
	"hasPmufwMakeHasChanges":	"false",
	"platPreBuiltFlag":	false,
	"platformSamplesDir":	"",
	"platActiveSys":	"tetris_top",
	"systems":	[{
			"systemName":	"tetris_top",
			"systemDesc":	"tetris_top",
			"sysIsBootAutoGen":	"true",
			"systemDispName":	"tetris_top",
			"sysActiveDom":	"standalone_microblaze_0",
			"sysDefaultDom":	"standalone_microblaze_0",
			"domains":	[{
					"domainName":	"standalone_microblaze_0",
					"domainDispName":	"standalone_microblaze_0",
					"domainDesc":	"standalone_microblaze_0",
					"processors":	"microblaze_0",
					"os":	"standalone",
					"sdxOs":	"standalone",
					"debugEnable":	"False",
					"domRuntimes":	["cpp"],
					"swRepo":	"",
					"mssOsVer":	"8.0",
					"mssFile":	"",
					"md5Digest":	"304529987e879521ca977c68d163f362",
					"compatibleApp":	"hello_world",
					"domType":	"mssDomain",
					"arch":	"32-bit",
					"appSettings":	{
						"appCompilerFlags":	"",
						"appLinkerFlags":	""
					},
					"addedLibs":	[],
					"libOptions":	{
						"libsContainingOptions":	[]
					},
					"prebuiltLibs":	{
						"prebuiltIncPath":	[],
						"prebuiltLibPath":	[]
					},
					"isolation":	{
					}
				}]
		}]
}
LOG::2024-04-11.21:11:44::SCWPlatform::Started generating the artifacts platform tetris_top
TRACE::2024-04-11.21:11:44::SCWPlatform::Sanity checking of platform is completed
LOG::2024-04-11.21:11:44::SCWPlatform::Started generating the artifacts for system configuration tetris_top
LOG::2024-04-11.21:11:44::SCWSystem::Checking the domain standalone_microblaze_0
LOG::2024-04-11.21:11:44::SCWSystem::Not a boot domain 
LOG::2024-04-11.21:11:44::SCWSystem::Started Processing the domain standalone_microblaze_0
TRACE::2024-04-11.21:11:44::SCWDomain::Generating domain artifcats
TRACE::2024-04-11.21:11:44::SCWMssOS::Generating standalone artifcats
TRACE::2024-04-11.21:11:44::SCWMssOS:: Copying the user libraries. 
TRACE::2024-04-11.21:11:44::SCWPlatform::Trying to open the hw design at D:/ece385sp24/Tetris/tetris_workspace/tetris_top/hw/tetris_top.xsa
TRACE::2024-04-11.21:11:44::SCWPlatform::DSA given D:/ece385sp24/Tetris/tetris_workspace/tetris_top/hw/tetris_top.xsa
TRACE::2024-04-11.21:11:44::SCWPlatform::DSA absoulate path D:/ece385sp24/Tetris/tetris_workspace/tetris_top/hw/tetris_top.xsa
TRACE::2024-04-11.21:11:44::SCWPlatform::DSA directory D:/ece385sp24/Tetris/tetris_workspace/tetris_top/hw
TRACE::2024-04-11.21:11:44::SCWPlatform:: Platform Path D:/ece385sp24/Tetris/tetris_workspace/tetris_top/hw/tetris_top.xsa
TRACE::2024-04-11.21:11:44::SCWPlatform:: Unique name xilinx:::0.0
TRACE::2024-04-11.21:11:44::SCWPlatform::Trying to set the existing hwdb with name mb_usb_hdmi_top_0
TRACE::2024-04-11.21:11:44::SCWPlatform::Opened existing hwdb mb_usb_hdmi_top_0
TRACE::2024-04-11.21:11:44::SCWPlatform::Found the Hw Db part of the input DSA
TRACE::2024-04-11.21:11:44::SCWMssOS::Checking the sw design at  D:/ece385sp24/Tetris/tetris_workspace/tetris_top/microblaze_0/standalone_microblaze_0/bsp/system.mss
TRACE::2024-04-11.21:11:44::SCWMssOS::DEBUG:  swdes dump  D:/ece385sp24/Tetris/tetris_workspace/tetris_top/microblaze_0/standalone_microblaze_0/bsp/system.mss|system||

TRACE::2024-04-11.21:11:44::SCWMssOS::Sw design exists and opened at  D:/ece385sp24/Tetris/tetris_workspace/tetris_top/microblaze_0/standalone_microblaze_0/bsp/system.mss
TRACE::2024-04-11.21:11:44::SCWMssOS::Completed writing the mss file at D:/ece385sp24/Tetris/tetris_workspace/tetris_top/microblaze_0/standalone_microblaze_0/bsp
TRACE::2024-04-11.21:11:44::SCWMssOS::Mss edits present, copying mssfile into export location D:/ece385sp24/Tetris/tetris_workspace/tetris_top/microblaze_0/standalone_microblaze_0/bsp/system.mss
TRACE::2024-04-11.21:11:44::SCWMssOS::bsp generated is upto date with the mss file. Skipping bsp generation.
TRACE::2024-04-11.21:11:44::SCWMssOS::BSP is already built. skipping the bsp build ... 
TRACE::2024-04-11.21:11:44::SCWDomain::Skipping the build for domain :  standalone_microblaze_0
TRACE::2024-04-11.21:11:44::SCWMssOS::skipping the bsp build ... 
TRACE::2024-04-11.21:11:44::SCWMssOS::Copying to export directory.
TRACE::2024-04-11.21:11:44::SCWMssOS:: Checking if to create the Supporting Applications
TRACE::2024-04-11.21:11:44::SCWMssOS:: No Linux domain exists, trying to generate FSBL 
LOG::2024-04-11.21:11:44::SCWSystem::Completed Processing the domain standalone_microblaze_0
LOG::2024-04-11.21:11:44::SCWSystem::Completed Processing the sysconfig tetris_top
LOG::2024-04-11.21:11:44::SCWPlatform::Completed generating the artifacts for system configuration tetris_top
TRACE::2024-04-11.21:11:44::SCWPlatform::Started preparing the platform 
TRACE::2024-04-11.21:11:44::SCWSystem::Writing the bif file for system config tetris_top
TRACE::2024-04-11.21:11:44::SCWSystem::dir created 
TRACE::2024-04-11.21:11:44::SCWSystem::Writing the bif 
TRACE::2024-04-11.21:11:44::SCWPlatform::Started writing the spfm file 
TRACE::2024-04-11.21:11:44::SCWPlatform::Started writing the xpfm file 
TRACE::2024-04-11.21:11:44::SCWPlatform::Completed generating the platform
TRACE::2024-04-11.21:11:44::SCWMssOS::Saving the mss changes D:/ece385sp24/Tetris/tetris_workspace/tetris_top/microblaze_0/standalone_microblaze_0/bsp/system.mss
TRACE::2024-04-11.21:11:44::SCWMssOS::Found a swdesign opened with the mssfile.
TRACE::2024-04-11.21:11:44::SCWMssOS::Completed writemss as part of save.
TRACE::2024-04-11.21:11:44::SCWMssOS::Commit changes completed.
TRACE::2024-04-11.21:11:44::SCWPlatform::Trying to open the hw design at D:/ece385sp24/Tetris/tetris_workspace/tetris_top/hw/tetris_top.xsa
TRACE::2024-04-11.21:11:44::SCWPlatform::DSA given D:/ece385sp24/Tetris/tetris_workspace/tetris_top/hw/tetris_top.xsa
TRACE::2024-04-11.21:11:44::SCWPlatform::DSA absoulate path D:/ece385sp24/Tetris/tetris_workspace/tetris_top/hw/tetris_top.xsa
TRACE::2024-04-11.21:11:44::SCWPlatform::DSA directory D:/ece385sp24/Tetris/tetris_workspace/tetris_top/hw
TRACE::2024-04-11.21:11:44::SCWPlatform:: Platform Path D:/ece385sp24/Tetris/tetris_workspace/tetris_top/hw/tetris_top.xsa
TRACE::2024-04-11.21:11:44::SCWPlatform:: Unique name xilinx:::0.0
TRACE::2024-04-11.21:11:44::SCWPlatform::Trying to set the existing hwdb with name mb_usb_hdmi_top_0
TRACE::2024-04-11.21:11:44::SCWPlatform::Opened existing hwdb mb_usb_hdmi_top_0
TRACE::2024-04-11.21:11:44::SCWPlatform::Found the Hw Db part of the input DSA
TRACE::2024-04-11.21:11:44::SCWMssOS::Checking the sw design at  D:/ece385sp24/Tetris/tetris_workspace/tetris_top/microblaze_0/standalone_microblaze_0/bsp/system.mss
TRACE::2024-04-11.21:11:44::SCWMssOS::DEBUG:  swdes dump  D:/ece385sp24/Tetris/tetris_workspace/tetris_top/microblaze_0/standalone_microblaze_0/bsp/system.mss|system||

TRACE::2024-04-11.21:11:44::SCWMssOS::Sw design exists and opened at  D:/ece385sp24/Tetris/tetris_workspace/tetris_top/microblaze_0/standalone_microblaze_0/bsp/system.mss
TRACE::2024-04-11.21:11:44::SCWPlatform::Trying to open the hw design at D:/ece385sp24/Tetris/tetris_workspace/tetris_top/hw/tetris_top.xsa
TRACE::2024-04-11.21:11:44::SCWPlatform::DSA given D:/ece385sp24/Tetris/tetris_workspace/tetris_top/hw/tetris_top.xsa
TRACE::2024-04-11.21:11:44::SCWPlatform::DSA absoulate path D:/ece385sp24/Tetris/tetris_workspace/tetris_top/hw/tetris_top.xsa
TRACE::2024-04-11.21:11:44::SCWPlatform::DSA directory D:/ece385sp24/Tetris/tetris_workspace/tetris_top/hw
TRACE::2024-04-11.21:11:44::SCWPlatform:: Platform Path D:/ece385sp24/Tetris/tetris_workspace/tetris_top/hw/tetris_top.xsa
TRACE::2024-04-11.21:11:44::SCWPlatform:: Unique name xilinx:::0.0
TRACE::2024-04-11.21:11:44::SCWPlatform::Trying to set the existing hwdb with name mb_usb_hdmi_top_0
TRACE::2024-04-11.21:11:44::SCWPlatform::Opened existing hwdb mb_usb_hdmi_top_0
TRACE::2024-04-11.21:11:44::SCWPlatform::Found the Hw Db part of the input DSA
TRACE::2024-04-11.21:11:44::SCWMssOS::Checking the sw design at  D:/ece385sp24/Tetris/tetris_workspace/tetris_top/microblaze_0/standalone_microblaze_0/bsp/system.mss
TRACE::2024-04-11.21:11:44::SCWMssOS::DEBUG:  swdes dump  D:/ece385sp24/Tetris/tetris_workspace/tetris_top/microblaze_0/standalone_microblaze_0/bsp/system.mss|system||

TRACE::2024-04-11.21:11:44::SCWMssOS::Sw design exists and opened at  D:/ece385sp24/Tetris/tetris_workspace/tetris_top/microblaze_0/standalone_microblaze_0/bsp/system.mss
TRACE::2024-04-11.21:11:44::SCWPlatform::Trying to open the hw design at D:/ece385sp24/Tetris/tetris_workspace/tetris_top/hw/tetris_top.xsa
TRACE::2024-04-11.21:11:44::SCWPlatform::DSA given D:/ece385sp24/Tetris/tetris_workspace/tetris_top/hw/tetris_top.xsa
TRACE::2024-04-11.21:11:44::SCWPlatform::DSA absoulate path D:/ece385sp24/Tetris/tetris_workspace/tetris_top/hw/tetris_top.xsa
TRACE::2024-04-11.21:11:44::SCWPlatform::DSA directory D:/ece385sp24/Tetris/tetris_workspace/tetris_top/hw
TRACE::2024-04-11.21:11:44::SCWPlatform:: Platform Path D:/ece385sp24/Tetris/tetris_workspace/tetris_top/hw/tetris_top.xsa
TRACE::2024-04-11.21:11:44::SCWPlatform:: Unique name xilinx:::0.0
TRACE::2024-04-11.21:11:44::SCWPlatform::Trying to set the existing hwdb with name mb_usb_hdmi_top_0
TRACE::2024-04-11.21:11:44::SCWPlatform::Opened existing hwdb mb_usb_hdmi_top_0
TRACE::2024-04-11.21:11:44::SCWPlatform::Found the Hw Db part of the input DSA
TRACE::2024-04-11.21:11:44::SCWMssOS::Checking the sw design at  D:/ece385sp24/Tetris/tetris_workspace/tetris_top/microblaze_0/standalone_microblaze_0/bsp/system.mss
TRACE::2024-04-11.21:11:44::SCWMssOS::DEBUG:  swdes dump  D:/ece385sp24/Tetris/tetris_workspace/tetris_top/microblaze_0/standalone_microblaze_0/bsp/system.mss|system||

TRACE::2024-04-11.21:11:44::SCWMssOS::Sw design exists and opened at  D:/ece385sp24/Tetris/tetris_workspace/tetris_top/microblaze_0/standalone_microblaze_0/bsp/system.mss
TRACE::2024-04-11.21:11:44::SCWWriter::formatted JSON is {
	"platformName":	"tetris_top",
	"sprVersion":	"2.0",
	"mode":	"gui",
	"dsaType":	"Fixed",
	"platformDesc":	"tetris_top",
	"platHandOff":	"D:/ece385sp24/Tetris/tetris_hardware/tetris_top.xsa",
	"platIntHandOff":	"<platformDir>/hw/tetris_top.xsa",
	"deviceType":	"FPGA",
	"platIsPrebuiltAutogen":	"false",
	"platIsNoBootBsp":	"false",
	"hasFsblMakeHasChanges":	"false",
	"hasPmufwMakeHasChanges":	"false",
	"platPreBuiltFlag":	false,
	"platformSamplesDir":	"",
	"platActiveSys":	"tetris_top",
	"systems":	[{
			"systemName":	"tetris_top",
			"systemDesc":	"tetris_top",
			"sysIsBootAutoGen":	"true",
			"systemDispName":	"tetris_top",
			"sysActiveDom":	"standalone_microblaze_0",
			"sysDefaultDom":	"standalone_microblaze_0",
			"domains":	[{
					"domainName":	"standalone_microblaze_0",
					"domainDispName":	"standalone_microblaze_0",
					"domainDesc":	"standalone_microblaze_0",
					"processors":	"microblaze_0",
					"os":	"standalone",
					"sdxOs":	"standalone",
					"debugEnable":	"False",
					"domRuntimes":	["cpp"],
					"swRepo":	"",
					"mssOsVer":	"8.0",
					"mssFile":	"",
					"md5Digest":	"304529987e879521ca977c68d163f362",
					"compatibleApp":	"hello_world",
					"domType":	"mssDomain",
					"arch":	"32-bit",
					"appSettings":	{
						"appCompilerFlags":	"",
						"appLinkerFlags":	""
					},
					"addedLibs":	[],
					"libOptions":	{
						"libsContainingOptions":	[]
					},
					"prebuiltLibs":	{
						"prebuiltIncPath":	[],
						"prebuiltLibPath":	[]
					},
					"isolation":	{
					}
				}]
		}]
}
KEYINFO::2024-04-11.21:11:44::SCWPlatform::updated the xpfm file.
TRACE::2024-04-11.21:11:44::SCWPlatform::Trying to open the hw design at D:/ece385sp24/Tetris/tetris_workspace/tetris_top/hw/tetris_top.xsa
TRACE::2024-04-11.21:11:44::SCWPlatform::DSA given D:/ece385sp24/Tetris/tetris_workspace/tetris_top/hw/tetris_top.xsa
TRACE::2024-04-11.21:11:44::SCWPlatform::DSA absoulate path D:/ece385sp24/Tetris/tetris_workspace/tetris_top/hw/tetris_top.xsa
TRACE::2024-04-11.21:11:44::SCWPlatform::DSA directory D:/ece385sp24/Tetris/tetris_workspace/tetris_top/hw
TRACE::2024-04-11.21:11:44::SCWPlatform:: Platform Path D:/ece385sp24/Tetris/tetris_workspace/tetris_top/hw/tetris_top.xsa
TRACE::2024-04-11.21:11:44::SCWPlatform:: Unique name xilinx:::0.0
TRACE::2024-04-11.21:11:44::SCWPlatform::Trying to set the existing hwdb with name mb_usb_hdmi_top_0
TRACE::2024-04-11.21:11:44::SCWPlatform::Opened existing hwdb mb_usb_hdmi_top_0
TRACE::2024-04-11.21:11:44::SCWPlatform::Found the Hw Db part of the input DSA
TRACE::2024-04-11.21:11:44::SCWMssOS::Checking the sw design at  D:/ece385sp24/Tetris/tetris_workspace/tetris_top/microblaze_0/standalone_microblaze_0/bsp/system.mss
TRACE::2024-04-11.21:11:44::SCWMssOS::DEBUG:  swdes dump  D:/ece385sp24/Tetris/tetris_workspace/tetris_top/microblaze_0/standalone_microblaze_0/bsp/system.mss|system||

TRACE::2024-04-11.21:11:44::SCWMssOS::Sw design exists and opened at  D:/ece385sp24/Tetris/tetris_workspace/tetris_top/microblaze_0/standalone_microblaze_0/bsp/system.mss
TRACE::2024-04-11.21:11:44::SCWMssOS::Saving the mss changes D:/ece385sp24/Tetris/tetris_workspace/tetris_top/microblaze_0/standalone_microblaze_0/bsp/system.mss
TRACE::2024-04-11.21:11:44::SCWMssOS::Found a swdesign opened with the mssfile.
TRACE::2024-04-11.21:11:44::SCWMssOS::Completed writemss as part of save.
TRACE::2024-04-11.21:11:44::SCWMssOS::Commit changes completed.
TRACE::2024-04-11.21:11:44::SCWPlatform::Trying to open the hw design at D:/ece385sp24/Tetris/tetris_workspace/tetris_top/hw/tetris_top.xsa
TRACE::2024-04-11.21:11:44::SCWPlatform::DSA given D:/ece385sp24/Tetris/tetris_workspace/tetris_top/hw/tetris_top.xsa
TRACE::2024-04-11.21:11:44::SCWPlatform::DSA absoulate path D:/ece385sp24/Tetris/tetris_workspace/tetris_top/hw/tetris_top.xsa
TRACE::2024-04-11.21:11:44::SCWPlatform::DSA directory D:/ece385sp24/Tetris/tetris_workspace/tetris_top/hw
TRACE::2024-04-11.21:11:44::SCWPlatform:: Platform Path D:/ece385sp24/Tetris/tetris_workspace/tetris_top/hw/tetris_top.xsa
TRACE::2024-04-11.21:11:44::SCWPlatform:: Unique name xilinx:::0.0
TRACE::2024-04-11.21:11:44::SCWPlatform::Trying to set the existing hwdb with name mb_usb_hdmi_top_0
TRACE::2024-04-11.21:11:44::SCWPlatform::Opened existing hwdb mb_usb_hdmi_top_0
TRACE::2024-04-11.21:11:44::SCWPlatform::Found the Hw Db part of the input DSA
TRACE::2024-04-11.21:11:44::SCWMssOS::Checking the sw design at  D:/ece385sp24/Tetris/tetris_workspace/tetris_top/microblaze_0/standalone_microblaze_0/bsp/system.mss
TRACE::2024-04-11.21:11:44::SCWMssOS::DEBUG:  swdes dump  D:/ece385sp24/Tetris/tetris_workspace/tetris_top/microblaze_0/standalone_microblaze_0/bsp/system.mss|system||

TRACE::2024-04-11.21:11:44::SCWMssOS::Sw design exists and opened at  D:/ece385sp24/Tetris/tetris_workspace/tetris_top/microblaze_0/standalone_microblaze_0/bsp/system.mss
TRACE::2024-04-11.21:11:44::SCWPlatform::Trying to open the hw design at D:/ece385sp24/Tetris/tetris_workspace/tetris_top/hw/tetris_top.xsa
TRACE::2024-04-11.21:11:44::SCWPlatform::DSA given D:/ece385sp24/Tetris/tetris_workspace/tetris_top/hw/tetris_top.xsa
TRACE::2024-04-11.21:11:44::SCWPlatform::DSA absoulate path D:/ece385sp24/Tetris/tetris_workspace/tetris_top/hw/tetris_top.xsa
TRACE::2024-04-11.21:11:44::SCWPlatform::DSA directory D:/ece385sp24/Tetris/tetris_workspace/tetris_top/hw
TRACE::2024-04-11.21:11:44::SCWPlatform:: Platform Path D:/ece385sp24/Tetris/tetris_workspace/tetris_top/hw/tetris_top.xsa
TRACE::2024-04-11.21:11:44::SCWPlatform:: Unique name xilinx:::0.0
TRACE::2024-04-11.21:11:44::SCWPlatform::Trying to set the existing hwdb with name mb_usb_hdmi_top_0
TRACE::2024-04-11.21:11:44::SCWPlatform::Opened existing hwdb mb_usb_hdmi_top_0
TRACE::2024-04-11.21:11:44::SCWPlatform::Found the Hw Db part of the input DSA
TRACE::2024-04-11.21:11:44::SCWMssOS::Checking the sw design at  D:/ece385sp24/Tetris/tetris_workspace/tetris_top/microblaze_0/standalone_microblaze_0/bsp/system.mss
TRACE::2024-04-11.21:11:44::SCWMssOS::DEBUG:  swdes dump  D:/ece385sp24/Tetris/tetris_workspace/tetris_top/microblaze_0/standalone_microblaze_0/bsp/system.mss|system||

TRACE::2024-04-11.21:11:44::SCWMssOS::Sw design exists and opened at  D:/ece385sp24/Tetris/tetris_workspace/tetris_top/microblaze_0/standalone_microblaze_0/bsp/system.mss
TRACE::2024-04-11.21:11:44::SCWPlatform::Trying to open the hw design at D:/ece385sp24/Tetris/tetris_workspace/tetris_top/hw/tetris_top.xsa
TRACE::2024-04-11.21:11:44::SCWPlatform::DSA given D:/ece385sp24/Tetris/tetris_workspace/tetris_top/hw/tetris_top.xsa
TRACE::2024-04-11.21:11:44::SCWPlatform::DSA absoulate path D:/ece385sp24/Tetris/tetris_workspace/tetris_top/hw/tetris_top.xsa
TRACE::2024-04-11.21:11:44::SCWPlatform::DSA directory D:/ece385sp24/Tetris/tetris_workspace/tetris_top/hw
TRACE::2024-04-11.21:11:44::SCWPlatform:: Platform Path D:/ece385sp24/Tetris/tetris_workspace/tetris_top/hw/tetris_top.xsa
TRACE::2024-04-11.21:11:44::SCWPlatform:: Unique name xilinx:::0.0
TRACE::2024-04-11.21:11:44::SCWPlatform::Trying to set the existing hwdb with name mb_usb_hdmi_top_0
TRACE::2024-04-11.21:11:44::SCWPlatform::Opened existing hwdb mb_usb_hdmi_top_0
TRACE::2024-04-11.21:11:44::SCWPlatform::Found the Hw Db part of the input DSA
TRACE::2024-04-11.21:11:44::SCWMssOS::Checking the sw design at  D:/ece385sp24/Tetris/tetris_workspace/tetris_top/microblaze_0/standalone_microblaze_0/bsp/system.mss
TRACE::2024-04-11.21:11:44::SCWMssOS::DEBUG:  swdes dump  D:/ece385sp24/Tetris/tetris_workspace/tetris_top/microblaze_0/standalone_microblaze_0/bsp/system.mss|system||

TRACE::2024-04-11.21:11:44::SCWMssOS::Sw design exists and opened at  D:/ece385sp24/Tetris/tetris_workspace/tetris_top/microblaze_0/standalone_microblaze_0/bsp/system.mss
TRACE::2024-04-11.21:11:44::SCWWriter::formatted JSON is {
	"platformName":	"tetris_top",
	"sprVersion":	"2.0",
	"mode":	"gui",
	"dsaType":	"Fixed",
	"platformDesc":	"tetris_top",
	"platHandOff":	"D:/ece385sp24/Tetris/tetris_hardware/tetris_top.xsa",
	"platIntHandOff":	"<platformDir>/hw/tetris_top.xsa",
	"deviceType":	"FPGA",
	"platIsPrebuiltAutogen":	"false",
	"platIsNoBootBsp":	"false",
	"hasFsblMakeHasChanges":	"false",
	"hasPmufwMakeHasChanges":	"false",
	"platPreBuiltFlag":	false,
	"platformSamplesDir":	"",
	"platActiveSys":	"tetris_top",
	"systems":	[{
			"systemName":	"tetris_top",
			"systemDesc":	"tetris_top",
			"sysIsBootAutoGen":	"true",
			"systemDispName":	"tetris_top",
			"sysActiveDom":	"standalone_microblaze_0",
			"sysDefaultDom":	"standalone_microblaze_0",
			"domains":	[{
					"domainName":	"standalone_microblaze_0",
					"domainDispName":	"standalone_microblaze_0",
					"domainDesc":	"standalone_microblaze_0",
					"processors":	"microblaze_0",
					"os":	"standalone",
					"sdxOs":	"standalone",
					"debugEnable":	"False",
					"domRuntimes":	["cpp"],
					"swRepo":	"",
					"mssOsVer":	"8.0",
					"mssFile":	"",
					"md5Digest":	"304529987e879521ca977c68d163f362",
					"compatibleApp":	"hello_world",
					"domType":	"mssDomain",
					"arch":	"32-bit",
					"appSettings":	{
						"appCompilerFlags":	"",
						"appLinkerFlags":	""
					},
					"addedLibs":	[],
					"libOptions":	{
						"libsContainingOptions":	[]
					},
					"prebuiltLibs":	{
						"prebuiltIncPath":	[],
						"prebuiltLibPath":	[]
					},
					"isolation":	{
					}
				}]
		}]
}
TRACE::2024-04-11.21:11:44::SCWPlatform::Trying to open the hw design at D:/ece385sp24/Tetris/tetris_workspace/tetris_top/hw/tetris_top.xsa
TRACE::2024-04-11.21:11:44::SCWPlatform::DSA given D:/ece385sp24/Tetris/tetris_workspace/tetris_top/hw/tetris_top.xsa
TRACE::2024-04-11.21:11:44::SCWPlatform::DSA absoulate path D:/ece385sp24/Tetris/tetris_workspace/tetris_top/hw/tetris_top.xsa
TRACE::2024-04-11.21:11:44::SCWPlatform::DSA directory D:/ece385sp24/Tetris/tetris_workspace/tetris_top/hw
TRACE::2024-04-11.21:11:44::SCWPlatform:: Platform Path D:/ece385sp24/Tetris/tetris_workspace/tetris_top/hw/tetris_top.xsa
TRACE::2024-04-11.21:11:44::SCWPlatform:: Unique name xilinx:::0.0
TRACE::2024-04-11.21:11:44::SCWPlatform::Trying to set the existing hwdb with name mb_usb_hdmi_top_0
TRACE::2024-04-11.21:11:44::SCWPlatform::Opened existing hwdb mb_usb_hdmi_top_0
TRACE::2024-04-11.21:11:44::SCWPlatform::Found the Hw Db part of the input DSA
TRACE::2024-04-11.21:11:44::SCWMssOS::Checking the sw design at  D:/ece385sp24/Tetris/tetris_workspace/tetris_top/microblaze_0/standalone_microblaze_0/bsp/system.mss
TRACE::2024-04-11.21:11:44::SCWMssOS::DEBUG:  swdes dump  D:/ece385sp24/Tetris/tetris_workspace/tetris_top/microblaze_0/standalone_microblaze_0/bsp/system.mss|system||

TRACE::2024-04-11.21:11:44::SCWMssOS::Sw design exists and opened at  D:/ece385sp24/Tetris/tetris_workspace/tetris_top/microblaze_0/standalone_microblaze_0/bsp/system.mss
TRACE::2024-04-11.21:11:44::SCWPlatform::Trying to open the hw design at D:/ece385sp24/Tetris/tetris_workspace/tetris_top/hw/tetris_top.xsa
TRACE::2024-04-11.21:11:44::SCWPlatform::DSA given D:/ece385sp24/Tetris/tetris_workspace/tetris_top/hw/tetris_top.xsa
TRACE::2024-04-11.21:11:44::SCWPlatform::DSA absoulate path D:/ece385sp24/Tetris/tetris_workspace/tetris_top/hw/tetris_top.xsa
TRACE::2024-04-11.21:11:44::SCWPlatform::DSA directory D:/ece385sp24/Tetris/tetris_workspace/tetris_top/hw
TRACE::2024-04-11.21:11:44::SCWPlatform:: Platform Path D:/ece385sp24/Tetris/tetris_workspace/tetris_top/hw/tetris_top.xsa
TRACE::2024-04-11.21:11:44::SCWPlatform:: Unique name xilinx:::0.0
TRACE::2024-04-11.21:11:44::SCWPlatform::Trying to set the existing hwdb with name mb_usb_hdmi_top_0
TRACE::2024-04-11.21:11:44::SCWPlatform::Opened existing hwdb mb_usb_hdmi_top_0
TRACE::2024-04-11.21:11:44::SCWPlatform::Found the Hw Db part of the input DSA
TRACE::2024-04-11.21:11:44::SCWMssOS::Checking the sw design at  D:/ece385sp24/Tetris/tetris_workspace/tetris_top/microblaze_0/standalone_microblaze_0/bsp/system.mss
TRACE::2024-04-11.21:11:44::SCWMssOS::DEBUG:  swdes dump  D:/ece385sp24/Tetris/tetris_workspace/tetris_top/microblaze_0/standalone_microblaze_0/bsp/system.mss|system||

TRACE::2024-04-11.21:11:44::SCWMssOS::Sw design exists and opened at  D:/ece385sp24/Tetris/tetris_workspace/tetris_top/microblaze_0/standalone_microblaze_0/bsp/system.mss
TRACE::2024-04-11.21:11:44::SCWMssOS::Saving the mss changes D:/ece385sp24/Tetris/tetris_workspace/tetris_top/microblaze_0/standalone_microblaze_0/bsp/system.mss
TRACE::2024-04-11.21:11:44::SCWMssOS::Found a swdesign opened with the mssfile.
TRACE::2024-04-11.21:11:44::SCWMssOS::Completed writemss as part of save.
TRACE::2024-04-11.21:11:44::SCWMssOS::Commit changes completed.
TRACE::2024-04-11.21:11:44::SCWPlatform::Trying to open the hw design at D:/ece385sp24/Tetris/tetris_workspace/tetris_top/hw/tetris_top.xsa
TRACE::2024-04-11.21:11:44::SCWPlatform::DSA given D:/ece385sp24/Tetris/tetris_workspace/tetris_top/hw/tetris_top.xsa
TRACE::2024-04-11.21:11:44::SCWPlatform::DSA absoulate path D:/ece385sp24/Tetris/tetris_workspace/tetris_top/hw/tetris_top.xsa
TRACE::2024-04-11.21:11:44::SCWPlatform::DSA directory D:/ece385sp24/Tetris/tetris_workspace/tetris_top/hw
TRACE::2024-04-11.21:11:44::SCWPlatform:: Platform Path D:/ece385sp24/Tetris/tetris_workspace/tetris_top/hw/tetris_top.xsa
TRACE::2024-04-11.21:11:44::SCWPlatform:: Unique name xilinx:::0.0
TRACE::2024-04-11.21:11:44::SCWPlatform::Trying to set the existing hwdb with name mb_usb_hdmi_top_0
TRACE::2024-04-11.21:11:44::SCWPlatform::Opened existing hwdb mb_usb_hdmi_top_0
TRACE::2024-04-11.21:11:44::SCWPlatform::Found the Hw Db part of the input DSA
TRACE::2024-04-11.21:11:44::SCWMssOS::Checking the sw design at  D:/ece385sp24/Tetris/tetris_workspace/tetris_top/microblaze_0/standalone_microblaze_0/bsp/system.mss
TRACE::2024-04-11.21:11:44::SCWMssOS::DEBUG:  swdes dump  D:/ece385sp24/Tetris/tetris_workspace/tetris_top/microblaze_0/standalone_microblaze_0/bsp/system.mss|system||

TRACE::2024-04-11.21:11:44::SCWMssOS::Sw design exists and opened at  D:/ece385sp24/Tetris/tetris_workspace/tetris_top/microblaze_0/standalone_microblaze_0/bsp/system.mss
TRACE::2024-04-11.21:11:44::SCWPlatform::Trying to open the hw design at D:/ece385sp24/Tetris/tetris_workspace/tetris_top/hw/tetris_top.xsa
TRACE::2024-04-11.21:11:44::SCWPlatform::DSA given D:/ece385sp24/Tetris/tetris_workspace/tetris_top/hw/tetris_top.xsa
TRACE::2024-04-11.21:11:44::SCWPlatform::DSA absoulate path D:/ece385sp24/Tetris/tetris_workspace/tetris_top/hw/tetris_top.xsa
TRACE::2024-04-11.21:11:44::SCWPlatform::DSA directory D:/ece385sp24/Tetris/tetris_workspace/tetris_top/hw
TRACE::2024-04-11.21:11:44::SCWPlatform:: Platform Path D:/ece385sp24/Tetris/tetris_workspace/tetris_top/hw/tetris_top.xsa
TRACE::2024-04-11.21:11:44::SCWPlatform:: Unique name xilinx:::0.0
TRACE::2024-04-11.21:11:44::SCWPlatform::Trying to set the existing hwdb with name mb_usb_hdmi_top_0
TRACE::2024-04-11.21:11:44::SCWPlatform::Opened existing hwdb mb_usb_hdmi_top_0
TRACE::2024-04-11.21:11:44::SCWPlatform::Found the Hw Db part of the input DSA
TRACE::2024-04-11.21:11:44::SCWMssOS::Checking the sw design at  D:/ece385sp24/Tetris/tetris_workspace/tetris_top/microblaze_0/standalone_microblaze_0/bsp/system.mss
TRACE::2024-04-11.21:11:44::SCWMssOS::DEBUG:  swdes dump  D:/ece385sp24/Tetris/tetris_workspace/tetris_top/microblaze_0/standalone_microblaze_0/bsp/system.mss|system||

TRACE::2024-04-11.21:11:44::SCWMssOS::Sw design exists and opened at  D:/ece385sp24/Tetris/tetris_workspace/tetris_top/microblaze_0/standalone_microblaze_0/bsp/system.mss
TRACE::2024-04-11.21:11:44::SCWPlatform::Trying to open the hw design at D:/ece385sp24/Tetris/tetris_workspace/tetris_top/hw/tetris_top.xsa
TRACE::2024-04-11.21:11:44::SCWPlatform::DSA given D:/ece385sp24/Tetris/tetris_workspace/tetris_top/hw/tetris_top.xsa
TRACE::2024-04-11.21:11:44::SCWPlatform::DSA absoulate path D:/ece385sp24/Tetris/tetris_workspace/tetris_top/hw/tetris_top.xsa
TRACE::2024-04-11.21:11:44::SCWPlatform::DSA directory D:/ece385sp24/Tetris/tetris_workspace/tetris_top/hw
TRACE::2024-04-11.21:11:44::SCWPlatform:: Platform Path D:/ece385sp24/Tetris/tetris_workspace/tetris_top/hw/tetris_top.xsa
TRACE::2024-04-11.21:11:44::SCWPlatform:: Unique name xilinx:::0.0
TRACE::2024-04-11.21:11:44::SCWPlatform::Trying to set the existing hwdb with name mb_usb_hdmi_top_0
TRACE::2024-04-11.21:11:44::SCWPlatform::Opened existing hwdb mb_usb_hdmi_top_0
TRACE::2024-04-11.21:11:44::SCWPlatform::Found the Hw Db part of the input DSA
TRACE::2024-04-11.21:11:44::SCWMssOS::Checking the sw design at  D:/ece385sp24/Tetris/tetris_workspace/tetris_top/microblaze_0/standalone_microblaze_0/bsp/system.mss
TRACE::2024-04-11.21:11:44::SCWMssOS::DEBUG:  swdes dump  D:/ece385sp24/Tetris/tetris_workspace/tetris_top/microblaze_0/standalone_microblaze_0/bsp/system.mss|system||

TRACE::2024-04-11.21:11:44::SCWMssOS::Sw design exists and opened at  D:/ece385sp24/Tetris/tetris_workspace/tetris_top/microblaze_0/standalone_microblaze_0/bsp/system.mss
TRACE::2024-04-11.21:11:44::SCWWriter::formatted JSON is {
	"platformName":	"tetris_top",
	"sprVersion":	"2.0",
	"mode":	"gui",
	"dsaType":	"Fixed",
	"platformDesc":	"tetris_top",
	"platHandOff":	"D:/ece385sp24/Tetris/tetris_hardware/tetris_top.xsa",
	"platIntHandOff":	"<platformDir>/hw/tetris_top.xsa",
	"deviceType":	"FPGA",
	"platIsPrebuiltAutogen":	"false",
	"platIsNoBootBsp":	"false",
	"hasFsblMakeHasChanges":	"false",
	"hasPmufwMakeHasChanges":	"false",
	"platPreBuiltFlag":	false,
	"platformSamplesDir":	"",
	"platActiveSys":	"tetris_top",
	"systems":	[{
			"systemName":	"tetris_top",
			"systemDesc":	"tetris_top",
			"sysIsBootAutoGen":	"true",
			"systemDispName":	"tetris_top",
			"sysActiveDom":	"standalone_microblaze_0",
			"sysDefaultDom":	"standalone_microblaze_0",
			"domains":	[{
					"domainName":	"standalone_microblaze_0",
					"domainDispName":	"standalone_microblaze_0",
					"domainDesc":	"standalone_microblaze_0",
					"processors":	"microblaze_0",
					"os":	"standalone",
					"sdxOs":	"standalone",
					"debugEnable":	"False",
					"domRuntimes":	["cpp"],
					"swRepo":	"",
					"mssOsVer":	"8.0",
					"mssFile":	"",
					"md5Digest":	"304529987e879521ca977c68d163f362",
					"compatibleApp":	"hello_world",
					"domType":	"mssDomain",
					"arch":	"32-bit",
					"appSettings":	{
						"appCompilerFlags":	"",
						"appLinkerFlags":	""
					},
					"addedLibs":	[],
					"libOptions":	{
						"libsContainingOptions":	[]
					},
					"prebuiltLibs":	{
						"prebuiltIncPath":	[],
						"prebuiltLibPath":	[]
					},
					"isolation":	{
					}
				}]
		}]
}
LOG::2024-04-11.21:11:44::SCWPlatform::Started generating the artifacts platform tetris_top
TRACE::2024-04-11.21:11:44::SCWPlatform::Sanity checking of platform is completed
LOG::2024-04-11.21:11:44::SCWPlatform::Started generating the artifacts for system configuration tetris_top
LOG::2024-04-11.21:11:44::SCWSystem::Started Processing the domain standalone_microblaze_0
TRACE::2024-04-11.21:11:44::SCWDomain::Generating domain artifcats
TRACE::2024-04-11.21:11:44::SCWMssOS::Generating standalone artifcats
TRACE::2024-04-11.21:11:44::SCWMssOS:: Copying the user libraries. 
TRACE::2024-04-11.21:11:44::SCWPlatform::Trying to open the hw design at D:/ece385sp24/Tetris/tetris_workspace/tetris_top/hw/tetris_top.xsa
TRACE::2024-04-11.21:11:44::SCWPlatform::DSA given D:/ece385sp24/Tetris/tetris_workspace/tetris_top/hw/tetris_top.xsa
TRACE::2024-04-11.21:11:44::SCWPlatform::DSA absoulate path D:/ece385sp24/Tetris/tetris_workspace/tetris_top/hw/tetris_top.xsa
TRACE::2024-04-11.21:11:44::SCWPlatform::DSA directory D:/ece385sp24/Tetris/tetris_workspace/tetris_top/hw
TRACE::2024-04-11.21:11:44::SCWPlatform:: Platform Path D:/ece385sp24/Tetris/tetris_workspace/tetris_top/hw/tetris_top.xsa
TRACE::2024-04-11.21:11:44::SCWPlatform:: Unique name xilinx:::0.0
TRACE::2024-04-11.21:11:44::SCWPlatform::Trying to set the existing hwdb with name mb_usb_hdmi_top_0
TRACE::2024-04-11.21:11:44::SCWPlatform::Opened existing hwdb mb_usb_hdmi_top_0
TRACE::2024-04-11.21:11:44::SCWPlatform::Found the Hw Db part of the input DSA
TRACE::2024-04-11.21:11:44::SCWMssOS::Checking the sw design at  D:/ece385sp24/Tetris/tetris_workspace/tetris_top/microblaze_0/standalone_microblaze_0/bsp/system.mss
TRACE::2024-04-11.21:11:44::SCWMssOS::DEBUG:  swdes dump  D:/ece385sp24/Tetris/tetris_workspace/tetris_top/microblaze_0/standalone_microblaze_0/bsp/system.mss|system||

TRACE::2024-04-11.21:11:44::SCWMssOS::Sw design exists and opened at  D:/ece385sp24/Tetris/tetris_workspace/tetris_top/microblaze_0/standalone_microblaze_0/bsp/system.mss
TRACE::2024-04-11.21:11:44::SCWMssOS::Completed writing the mss file at D:/ece385sp24/Tetris/tetris_workspace/tetris_top/microblaze_0/standalone_microblaze_0/bsp
TRACE::2024-04-11.21:11:44::SCWMssOS::Mss edits present, copying mssfile into export location D:/ece385sp24/Tetris/tetris_workspace/tetris_top/microblaze_0/standalone_microblaze_0/bsp/system.mss
TRACE::2024-04-11.21:11:44::SCWMssOS::bsp generated is upto date with the mss file. Skipping bsp generation.
TRACE::2024-04-11.21:11:44::SCWMssOS::BSP is already built. skipping the bsp build ... 
TRACE::2024-04-11.21:11:44::SCWDomain::Building the domain as part of full build :  standalone_microblaze_0
TRACE::2024-04-11.21:11:44::SCWMssOS::skipping the bsp build ... 
TRACE::2024-04-11.21:11:44::SCWMssOS::Copying to export directory.
TRACE::2024-04-11.21:11:44::SCWMssOS:: Checking if to create the Supporting Applications
TRACE::2024-04-11.21:11:44::SCWMssOS:: No Linux domain exists, trying to generate FSBL 
LOG::2024-04-11.21:11:44::SCWSystem::Completed Processing the domain standalone_microblaze_0
LOG::2024-04-11.21:11:44::SCWSystem::Completed Processing the sysconfig tetris_top
LOG::2024-04-11.21:11:44::SCWPlatform::Completed generating the artifacts for system configuration tetris_top
TRACE::2024-04-11.21:11:44::SCWPlatform::Started preparing the platform 
TRACE::2024-04-11.21:11:44::SCWSystem::Writing the bif file for system config tetris_top
TRACE::2024-04-11.21:11:44::SCWSystem::dir created 
TRACE::2024-04-11.21:11:44::SCWSystem::Writing the bif 
TRACE::2024-04-11.21:11:44::SCWPlatform::Started writing the spfm file 
TRACE::2024-04-11.21:11:44::SCWPlatform::Started writing the xpfm file 
TRACE::2024-04-11.21:11:44::SCWPlatform::Completed generating the platform
TRACE::2024-04-11.21:11:44::SCWMssOS::Saving the mss changes D:/ece385sp24/Tetris/tetris_workspace/tetris_top/microblaze_0/standalone_microblaze_0/bsp/system.mss
TRACE::2024-04-11.21:11:44::SCWMssOS::Found a swdesign opened with the mssfile.
TRACE::2024-04-11.21:11:44::SCWMssOS::Completed writemss as part of save.
TRACE::2024-04-11.21:11:44::SCWMssOS::Commit changes completed.
TRACE::2024-04-11.21:11:44::SCWPlatform::Trying to open the hw design at D:/ece385sp24/Tetris/tetris_workspace/tetris_top/hw/tetris_top.xsa
TRACE::2024-04-11.21:11:44::SCWPlatform::DSA given D:/ece385sp24/Tetris/tetris_workspace/tetris_top/hw/tetris_top.xsa
TRACE::2024-04-11.21:11:44::SCWPlatform::DSA absoulate path D:/ece385sp24/Tetris/tetris_workspace/tetris_top/hw/tetris_top.xsa
TRACE::2024-04-11.21:11:44::SCWPlatform::DSA directory D:/ece385sp24/Tetris/tetris_workspace/tetris_top/hw
TRACE::2024-04-11.21:11:44::SCWPlatform:: Platform Path D:/ece385sp24/Tetris/tetris_workspace/tetris_top/hw/tetris_top.xsa
TRACE::2024-04-11.21:11:44::SCWPlatform:: Unique name xilinx:::0.0
TRACE::2024-04-11.21:11:44::SCWPlatform::Trying to set the existing hwdb with name mb_usb_hdmi_top_0
TRACE::2024-04-11.21:11:44::SCWPlatform::Opened existing hwdb mb_usb_hdmi_top_0
TRACE::2024-04-11.21:11:44::SCWPlatform::Found the Hw Db part of the input DSA
TRACE::2024-04-11.21:11:44::SCWMssOS::Checking the sw design at  D:/ece385sp24/Tetris/tetris_workspace/tetris_top/microblaze_0/standalone_microblaze_0/bsp/system.mss
TRACE::2024-04-11.21:11:44::SCWMssOS::DEBUG:  swdes dump  D:/ece385sp24/Tetris/tetris_workspace/tetris_top/microblaze_0/standalone_microblaze_0/bsp/system.mss|system||

TRACE::2024-04-11.21:11:44::SCWMssOS::Sw design exists and opened at  D:/ece385sp24/Tetris/tetris_workspace/tetris_top/microblaze_0/standalone_microblaze_0/bsp/system.mss
TRACE::2024-04-11.21:11:44::SCWPlatform::Trying to open the hw design at D:/ece385sp24/Tetris/tetris_workspace/tetris_top/hw/tetris_top.xsa
TRACE::2024-04-11.21:11:44::SCWPlatform::DSA given D:/ece385sp24/Tetris/tetris_workspace/tetris_top/hw/tetris_top.xsa
TRACE::2024-04-11.21:11:44::SCWPlatform::DSA absoulate path D:/ece385sp24/Tetris/tetris_workspace/tetris_top/hw/tetris_top.xsa
TRACE::2024-04-11.21:11:44::SCWPlatform::DSA directory D:/ece385sp24/Tetris/tetris_workspace/tetris_top/hw
TRACE::2024-04-11.21:11:44::SCWPlatform:: Platform Path D:/ece385sp24/Tetris/tetris_workspace/tetris_top/hw/tetris_top.xsa
TRACE::2024-04-11.21:11:44::SCWPlatform:: Unique name xilinx:::0.0
TRACE::2024-04-11.21:11:44::SCWPlatform::Trying to set the existing hwdb with name mb_usb_hdmi_top_0
TRACE::2024-04-11.21:11:44::SCWPlatform::Opened existing hwdb mb_usb_hdmi_top_0
TRACE::2024-04-11.21:11:44::SCWPlatform::Found the Hw Db part of the input DSA
TRACE::2024-04-11.21:11:44::SCWMssOS::Checking the sw design at  D:/ece385sp24/Tetris/tetris_workspace/tetris_top/microblaze_0/standalone_microblaze_0/bsp/system.mss
TRACE::2024-04-11.21:11:44::SCWMssOS::DEBUG:  swdes dump  D:/ece385sp24/Tetris/tetris_workspace/tetris_top/microblaze_0/standalone_microblaze_0/bsp/system.mss|system||

TRACE::2024-04-11.21:11:44::SCWMssOS::Sw design exists and opened at  D:/ece385sp24/Tetris/tetris_workspace/tetris_top/microblaze_0/standalone_microblaze_0/bsp/system.mss
TRACE::2024-04-11.21:11:44::SCWPlatform::Trying to open the hw design at D:/ece385sp24/Tetris/tetris_workspace/tetris_top/hw/tetris_top.xsa
TRACE::2024-04-11.21:11:44::SCWPlatform::DSA given D:/ece385sp24/Tetris/tetris_workspace/tetris_top/hw/tetris_top.xsa
TRACE::2024-04-11.21:11:44::SCWPlatform::DSA absoulate path D:/ece385sp24/Tetris/tetris_workspace/tetris_top/hw/tetris_top.xsa
TRACE::2024-04-11.21:11:44::SCWPlatform::DSA directory D:/ece385sp24/Tetris/tetris_workspace/tetris_top/hw
TRACE::2024-04-11.21:11:44::SCWPlatform:: Platform Path D:/ece385sp24/Tetris/tetris_workspace/tetris_top/hw/tetris_top.xsa
TRACE::2024-04-11.21:11:44::SCWPlatform:: Unique name xilinx:::0.0
TRACE::2024-04-11.21:11:44::SCWPlatform::Trying to set the existing hwdb with name mb_usb_hdmi_top_0
TRACE::2024-04-11.21:11:44::SCWPlatform::Opened existing hwdb mb_usb_hdmi_top_0
TRACE::2024-04-11.21:11:44::SCWPlatform::Found the Hw Db part of the input DSA
TRACE::2024-04-11.21:11:44::SCWMssOS::Checking the sw design at  D:/ece385sp24/Tetris/tetris_workspace/tetris_top/microblaze_0/standalone_microblaze_0/bsp/system.mss
TRACE::2024-04-11.21:11:44::SCWMssOS::DEBUG:  swdes dump  D:/ece385sp24/Tetris/tetris_workspace/tetris_top/microblaze_0/standalone_microblaze_0/bsp/system.mss|system||

TRACE::2024-04-11.21:11:44::SCWMssOS::Sw design exists and opened at  D:/ece385sp24/Tetris/tetris_workspace/tetris_top/microblaze_0/standalone_microblaze_0/bsp/system.mss
TRACE::2024-04-11.21:11:44::SCWWriter::formatted JSON is {
	"platformName":	"tetris_top",
	"sprVersion":	"2.0",
	"mode":	"gui",
	"dsaType":	"Fixed",
	"platformDesc":	"tetris_top",
	"platHandOff":	"D:/ece385sp24/Tetris/tetris_hardware/tetris_top.xsa",
	"platIntHandOff":	"<platformDir>/hw/tetris_top.xsa",
	"deviceType":	"FPGA",
	"platIsPrebuiltAutogen":	"false",
	"platIsNoBootBsp":	"false",
	"hasFsblMakeHasChanges":	"false",
	"hasPmufwMakeHasChanges":	"false",
	"platPreBuiltFlag":	false,
	"platformSamplesDir":	"",
	"platActiveSys":	"tetris_top",
	"systems":	[{
			"systemName":	"tetris_top",
			"systemDesc":	"tetris_top",
			"sysIsBootAutoGen":	"true",
			"systemDispName":	"tetris_top",
			"sysActiveDom":	"standalone_microblaze_0",
			"sysDefaultDom":	"standalone_microblaze_0",
			"domains":	[{
					"domainName":	"standalone_microblaze_0",
					"domainDispName":	"standalone_microblaze_0",
					"domainDesc":	"standalone_microblaze_0",
					"processors":	"microblaze_0",
					"os":	"standalone",
					"sdxOs":	"standalone",
					"debugEnable":	"False",
					"domRuntimes":	["cpp"],
					"swRepo":	"",
					"mssOsVer":	"8.0",
					"mssFile":	"",
					"md5Digest":	"304529987e879521ca977c68d163f362",
					"compatibleApp":	"hello_world",
					"domType":	"mssDomain",
					"arch":	"32-bit",
					"appSettings":	{
						"appCompilerFlags":	"",
						"appLinkerFlags":	""
					},
					"addedLibs":	[],
					"libOptions":	{
						"libsContainingOptions":	[]
					},
					"prebuiltLibs":	{
						"prebuiltIncPath":	[],
						"prebuiltLibPath":	[]
					},
					"isolation":	{
					}
				}]
		}]
}
KEYINFO::2024-04-11.21:11:44::SCWPlatform::updated the xpfm file.
