INFO: [VRFC 10-2263] Analyzing SystemVerilog file "D:/ece385sp24/Tetris/tetris_hardware/Tetris.srcs/sources_1/imports/design_source/Color_Mapper.sv" into library xil_defaultlib
INFO: [VRFC 10-311] analyzing module color_mapper
INFO: [VRFC 10-2263] Analyzing SystemVerilog file "D:/ece385sp24/Tetris/tetris_hardware/Tetris.srcs/sources_1/imports/design_source/VGA_controller.sv" into library xil_defaultlib
INFO: [VRFC 10-311] analyzing module vga_controller
INFO: [VRFC 10-2263] Analyzing SystemVerilog file "D:/ece385sp24/Tetris/tetris_hardware/Tetris.srcs/sources_1/imports/design_source/ball.sv" into library xil_defaultlib
INFO: [VRFC 10-311] analyzing module ball
INFO: [VRFC 10-2263] Analyzing SystemVerilog file "D:/ece385sp24/Tetris/tetris_hardware/Tetris.srcs/sources_1/new/draw_playfield.sv" into library xil_defaultlib
INFO: [VRFC 10-311] analyzing module draw_playfield
INFO: [VRFC 10-2263] Analyzing SystemVerilog file "D:/ece385sp24/Tetris/tetris_hardware/Tetris.srcs/sources_1/new/generate_blocks.sv" into library xil_defaultlib
INFO: [VRFC 10-311] analyzing module generate_blocks
INFO: [VRFC 10-2263] Analyzing SystemVerilog file "D:/ece385sp24/Tetris/tetris_hardware/Tetris.srcs/sources_1/imports/design_source/hex_driver.sv" into library xil_defaultlib
INFO: [VRFC 10-311] analyzing module hex_driver
INFO: [VRFC 10-311] analyzing module nibble_to_hex
INFO: [VRFC 10-2263] Analyzing SystemVerilog file "D:/ece385sp24/Tetris/tetris_hardware/Tetris.srcs/sources_1/imports/design_source/mb_usb_hdmi_top.sv" into library xil_defaultlib
INFO: [VRFC 10-311] analyzing module mb_usb_hdmi_top
INFO: [VRFC 10-2263] Analyzing SystemVerilog file "D:/ece385sp24/Tetris/tetris_hardware/Tetris.srcs/sources_1/new/tetris_display.sv" into library xil_defaultlib
INFO: [VRFC 10-311] analyzing module tetris_display
INFO: [VRFC 10-2263] Analyzing SystemVerilog file "D:/ece385sp24/Tetris/tetris_hardware/Tetris.srcs/sources_1/new/tetris_game.sv" into library xil_defaultlib
INFO: [VRFC 10-311] analyzing module tetris_game
INFO: [VRFC 10-2263] Analyzing SystemVerilog file "D:/ece385sp24/Tetris/tetris_hardware/Tetris.srcs/sources_1/new/wait_clock.sv" into library xil_defaultlib
INFO: [VRFC 10-311] analyzing module wait_clock
INFO: [VRFC 10-2263] Analyzing SystemVerilog file "D:/ece385sp24/Tetris/tetris_hardware/Tetris.srcs/sources_1/new/check_move.sv" into library xil_defaultlib
INFO: [VRFC 10-311] analyzing module check_move
INFO: [VRFC 10-2263] Analyzing SystemVerilog file "D:/ece385sp24/Tetris/tetris_hardware/Tetris.srcs/sim_1/new/wait_clock_tb.sv" into library xil_defaultlib
INFO: [VRFC 10-311] analyzing module wait_clock_testbench
INFO: [VRFC 10-2263] Analyzing SystemVerilog file "D:/ece385sp24/Tetris/tetris_hardware/Tetris.srcs/sim_1/new/tetris_game_tb.sv" into library xil_defaultlib
INFO: [VRFC 10-311] analyzing module tetris_game_tb
INFO: [VRFC 10-2263] Analyzing SystemVerilog file "D:/ece385sp24/Tetris/tetris_hardware/Tetris.srcs/sim_1/new/tetris_display_tb.sv" into library xil_defaultlib
INFO: [VRFC 10-311] analyzing module tetris_display_tb
INFO: [VRFC 10-2263] Analyzing SystemVerilog file "D:/ece385sp24/Tetris/tetris_hardware/Tetris.srcs/sim_1/new/top_level_tb.sv" into library xil_defaultlib
INFO: [VRFC 10-311] analyzing module top_level_tb
