#-----------------------------------------------------------
# Vivado v2022.2 (64-bit)
# SW Build 3671981 on Fri Oct 14 05:00:03 MDT 2022
# IP Build 3669848 on Fri Oct 14 08:30:02 MDT 2022
# Start of session at: Thu May  2 05:43:42 2024
# Process ID: 12000
# Current directory: C:/Users/29360/Desktop/ECE385/Tetris_4/Tetris/tetris_hardware
# Command line: vivado.exe -gui_launcher_event rodinguilauncherevent17472 C:\Users\29360\Desktop\ECE385\Tetris_4\Tetris\tetris_hardware\Tetris.xpr
# Log file: C:/Users/29360/Desktop/ECE385/Tetris_4/Tetris/tetris_hardware/vivado.log
# Journal file: C:/Users/29360/Desktop/ECE385/Tetris_4/Tetris/tetris_hardware\vivado.jou
# Running On: LAPTOP-79KENFT8, OS: Windows, CPU Frequency: 3294 MHz, CPU Physical cores: 16, Host memory: 16559 MB
#-----------------------------------------------------------
start_gui
open_project C:/Users/29360/Desktop/ECE385/Tetris_4/Tetris/tetris_hardware/Tetris.xpr
WARNING: [Board 49-26] cannot add Board Part xilinx.com:ac701:part0:1.4 available at C:/Xilinx/Vivado/2022.2/data/xhub/boards/XilinxBoardStore/boards/Xilinx/ac701/1.4/board.xml as part xc7a200tfbg676-2 specified in board_part file is either invalid or not available
WARNING: [Board 49-26] cannot add Board Part xilinx.com:k26c:part0:1.2 available at C:/Xilinx/Vivado/2022.2/data/xhub/boards/XilinxBoardStore/boards/Xilinx/k26c/1.2/board.xml as part xck26-sfvc784-2lv-c specified in board_part file is either invalid or not available
WARNING: [Board 49-26] cannot add Board Part xilinx.com:k26c:part0:1.3 available at C:/Xilinx/Vivado/2022.2/data/xhub/boards/XilinxBoardStore/boards/Xilinx/k26c/1.3/board.xml as part xck26-sfvc784-2lv-c specified in board_part file is either invalid or not available
WARNING: [Board 49-26] cannot add Board Part xilinx.com:k26c:part0:1.4 available at C:/Xilinx/Vivado/2022.2/data/xhub/boards/XilinxBoardStore/boards/Xilinx/k26c/1.4/board.xml as part xck26-sfvc784-2lv-c specified in board_part file is either invalid or not available
WARNING: [Board 49-26] cannot add Board Part xilinx.com:k26i:part0:1.2 available at C:/Xilinx/Vivado/2022.2/data/xhub/boards/XilinxBoardStore/boards/Xilinx/k26i/1.2/board.xml as part xck26-sfvc784-2lvi-i specified in board_part file is either invalid or not available
WARNING: [Board 49-26] cannot add Board Part xilinx.com:k26i:part0:1.3 available at C:/Xilinx/Vivado/2022.2/data/xhub/boards/XilinxBoardStore/boards/Xilinx/k26i/1.3/board.xml as part xck26-sfvc784-2lvi-i specified in board_part file is either invalid or not available
WARNING: [Board 49-26] cannot add Board Part xilinx.com:k26i:part0:1.4 available at C:/Xilinx/Vivado/2022.2/data/xhub/boards/XilinxBoardStore/boards/Xilinx/k26i/1.4/board.xml as part xck26-sfvc784-2lvi-i specified in board_part file is either invalid or not available
WARNING: [Board 49-26] cannot add Board Part xilinx.com:kc705:part0:1.6 available at C:/Xilinx/Vivado/2022.2/data/xhub/boards/XilinxBoardStore/boards/Xilinx/kc705/1.6/board.xml as part xc7k325tffg900-2 specified in board_part file is either invalid or not available
WARNING: [Board 49-26] cannot add Board Part xilinx.com:kcu105:part0:1.6 available at C:/Xilinx/Vivado/2022.2/data/xhub/boards/XilinxBoardStore/boards/Xilinx/kcu105/1.6/board.xml as part xcku040-ffva1156-2-e specified in board_part file is either invalid or not available
WARNING: [Board 49-26] cannot add Board Part xilinx.com:kcu105:part0:1.7 available at C:/Xilinx/Vivado/2022.2/data/xhub/boards/XilinxBoardStore/boards/Xilinx/kcu105/1.7/board.xml as part xcku040-ffva1156-2-e specified in board_part file is either invalid or not available
WARNING: [Board 49-26] cannot add Board Part xilinx.com:kcu116:part0:1.4 available at C:/Xilinx/Vivado/2022.2/data/xhub/boards/XilinxBoardStore/boards/Xilinx/kcu116/1.4/board.xml as part xcku5p-ffvb676-2-e specified in board_part file is either invalid or not available
WARNING: [Board 49-26] cannot add Board Part xilinx.com:kcu116:part0:1.5 available at C:/Xilinx/Vivado/2022.2/data/xhub/boards/XilinxBoardStore/boards/Xilinx/kcu116/1.5/board.xml as part xcku5p-ffvb676-2-e specified in board_part file is either invalid or not available
WARNING: [Board 49-26] cannot add Board Part xilinx.com:kcu1500:part0:1.2 available at C:/Xilinx/Vivado/2022.2/data/xhub/boards/XilinxBoardStore/boards/Xilinx/kcu1500/1.2/board.xml as part xcku115-flvb2104-2-e specified in board_part file is either invalid or not available
WARNING: [Board 49-26] cannot add Board Part xilinx.com:kr260_som:part0:1.0 available at C:/Xilinx/Vivado/2022.2/data/xhub/boards/XilinxBoardStore/boards/Xilinx/kr260_som/1.0/board.xml as part xck26-sfvc784-2lv-c specified in board_part file is either invalid or not available
WARNING: [Board 49-26] cannot add Board Part xilinx.com:kr260_som:part0:1.1 available at C:/Xilinx/Vivado/2022.2/data/xhub/boards/XilinxBoardStore/boards/Xilinx/kr260_som/1.1/board.xml as part xck26-sfvc784-2lv-c specified in board_part file is either invalid or not available
WARNING: [Board 49-26] cannot add Board Part xilinx.com:kv260_som:part0:1.2 available at C:/Xilinx/Vivado/2022.2/data/xhub/boards/XilinxBoardStore/boards/Xilinx/kv260_som/1.2/board.xml as part xck26-sfvc784-2lv-c specified in board_part file is either invalid or not available
WARNING: [Board 49-26] cannot add Board Part xilinx.com:kv260_som:part0:1.3 available at C:/Xilinx/Vivado/2022.2/data/xhub/boards/XilinxBoardStore/boards/Xilinx/kv260_som/1.3/board.xml as part xck26-sfvc784-2lv-c specified in board_part file is either invalid or not available
WARNING: [Board 49-26] cannot add Board Part xilinx.com:kv260_som:part0:1.4 available at C:/Xilinx/Vivado/2022.2/data/xhub/boards/XilinxBoardStore/boards/Xilinx/kv260_som/1.4/board.xml as part xck26-sfvc784-2lv-c specified in board_part file is either invalid or not available
WARNING: [Board 49-26] cannot add Board Part xilinx.com:vc707:part0:1.4 available at C:/Xilinx/Vivado/2022.2/data/xhub/boards/XilinxBoardStore/boards/Xilinx/vc707/1.4/board.xml as part xc7vx485tffg1761-2 specified in board_part file is either invalid or not available
WARNING: [Board 49-26] cannot add Board Part xilinx.com:vc709:part0:1.8 available at C:/Xilinx/Vivado/2022.2/data/xhub/boards/XilinxBoardStore/boards/Xilinx/vc709/1.8/board.xml as part xc7vx690tffg1761-2 specified in board_part file is either invalid or not available
WARNING: [Board 49-26] cannot add Board Part xilinx.com:vck190:part0:2.2 available at C:/Xilinx/Vivado/2022.2/data/xhub/boards/XilinxBoardStore/boards/Xilinx/vck190/production/2.2/board.xml as part xcvc1902-vsva2197-2mp-e-s specified in board_part file is either invalid or not available
WARNING: [Board 49-26] cannot add Board Part xilinx.com:vck190:part0:3.0 available at C:/Xilinx/Vivado/2022.2/data/xhub/boards/XilinxBoardStore/boards/Xilinx/vck190/production/3.0/board.xml as part xcvc1902-vsva2197-2mp-e-s specified in board_part file is either invalid or not available
WARNING: [Board 49-26] cannot add Board Part xilinx.com:vck190:part0:3.1 available at C:/Xilinx/Vivado/2022.2/data/xhub/boards/XilinxBoardStore/boards/Xilinx/vck190/production/3.1/board.xml as part xcvc1902-vsva2197-2mp-e-s specified in board_part file is either invalid or not available
WARNING: [Board 49-26] cannot add Board Part xilinx.com:vck190_newl:part0:1.0 available at C:/Xilinx/Vivado/2022.2/data/xhub/boards/XilinxBoardStore/boards/Xilinx/vck190_newl/production/1.0/board.xml as part xcvc1902-vsva2197-2mp-e-s specified in board_part file is either invalid or not available
WARNING: [Board 49-26] cannot add Board Part xilinx.com:vcu108:part0:1.6 available at C:/Xilinx/Vivado/2022.2/data/xhub/boards/XilinxBoardStore/boards/Xilinx/vcu108/1.6/board.xml as part xcvu095-ffva2104-2-e specified in board_part file is either invalid or not available
WARNING: [Board 49-26] cannot add Board Part xilinx.com:vcu108:part0:1.7 available at C:/Xilinx/Vivado/2022.2/data/xhub/boards/XilinxBoardStore/boards/Xilinx/vcu108/1.7/board.xml as part xcvu095-ffva2104-2-e specified in board_part file is either invalid or not available
WARNING: [Board 49-26] cannot add Board Part xilinx.com:vcu110:part0:1.4 available at C:/Xilinx/Vivado/2022.2/data/xhub/boards/XilinxBoardStore/boards/Xilinx/vcu110/1.4/board.xml as part xcvu190-flgc2104-2-e specified in board_part file is either invalid or not available
WARNING: [Board 49-26] cannot add Board Part xilinx.com:vcu118:part0:2.0 available at C:/Xilinx/Vivado/2022.2/data/xhub/boards/XilinxBoardStore/boards/Xilinx/vcu118/2.0/board.xml as part xcvu9p-flga2104-2l-e specified in board_part file is either invalid or not available
WARNING: [Board 49-26] cannot add Board Part xilinx.com:vcu118:part0:2.3 available at C:/Xilinx/Vivado/2022.2/data/xhub/boards/XilinxBoardStore/boards/Xilinx/vcu118/2.3/board.xml as part xcvu9p-flga2104-2l-e specified in board_part file is either invalid or not available
WARNING: [Board 49-26] cannot add Board Part xilinx.com:vcu118:part0:2.4 available at C:/Xilinx/Vivado/2022.2/data/xhub/boards/XilinxBoardStore/boards/Xilinx/vcu118/2.4/board.xml as part xcvu9p-flga2104-2l-e specified in board_part file is either invalid or not available
WARNING: [Board 49-26] cannot add Board Part xilinx.com:vcu128:part0:1.0 available at C:/Xilinx/Vivado/2022.2/data/xhub/boards/XilinxBoardStore/boards/Xilinx/vcu128/production/1.0/board.xml as part xcvu37p-fsvh2892-2l-e specified in board_part file is either invalid or not available
WARNING: [Board 49-26] cannot add Board Part xilinx.com:vcu129:part0:1.0 available at C:/Xilinx/Vivado/2022.2/data/xhub/boards/XilinxBoardStore/boards/Xilinx/vcu129/production/1.0/board.xml as part xcvu29p-fsga2577-2l-e specified in board_part file is either invalid or not available
WARNING: [Board 49-26] cannot add Board Part xilinx.com:vcu1525:part0:1.3 available at C:/Xilinx/Vivado/2022.2/data/xhub/boards/XilinxBoardStore/boards/Xilinx/vcu1525/1.3/board.xml as part xcvu9p-fsgd2104-2l-e specified in board_part file is either invalid or not available
WARNING: [Board 49-26] cannot add Board Part xilinx.com:vek280_es:part0:1.0 available at C:/Xilinx/Vivado/2022.2/data/xhub/boards/XilinxBoardStore/boards/Xilinx/vek280/es/1.0/board.xml as part xcve2802-vsvh1760-2lp-e-s-es1 specified in board_part file is either invalid or not available
WARNING: [Board 49-26] cannot add Board Part xilinx.com:vermeo_t1_mpsoc:part0:1.0 available at C:/Xilinx/Vivado/2022.2/data/xhub/boards/XilinxBoardStore/boards/Xilinx/vermeo_t1_mpsoc/1.0/board.xml as part xczu19eg-ffvd1760-2l-e specified in board_part file is either invalid or not available
WARNING: [Board 49-26] cannot add Board Part xilinx.com:vermeo_t1_rfsoc:part0:1.0 available at C:/Xilinx/Vivado/2022.2/data/xhub/boards/XilinxBoardStore/boards/Xilinx/vermeo_t1_rfsoc/1.0/board.xml as part xczu21dr-ffvd1156-2l-e specified in board_part file is either invalid or not available
WARNING: [Board 49-26] cannot add Board Part xilinx.com:vhk158_es:part0:1.0 available at C:/Xilinx/Vivado/2022.2/data/xhub/boards/XilinxBoardStore/boards/Xilinx/vhk158/es/1.0/board.xml as part xcvh1582-vsva3697-2mp-e-s-es1 specified in board_part file is either invalid or not available
WARNING: [Board 49-26] cannot add Board Part xilinx.com:vmk180:part0:2.2 available at C:/Xilinx/Vivado/2022.2/data/xhub/boards/XilinxBoardStore/boards/Xilinx/vmk180/production/2.2/board.xml as part xcvm1802-vsva2197-2mp-e-s specified in board_part file is either invalid or not available
WARNING: [Board 49-26] cannot add Board Part xilinx.com:vmk180:part0:3.0 available at C:/Xilinx/Vivado/2022.2/data/xhub/boards/XilinxBoardStore/boards/Xilinx/vmk180/production/3.0/board.xml as part xcvm1802-vsva2197-2mp-e-s specified in board_part file is either invalid or not available
WARNING: [Board 49-26] cannot add Board Part xilinx.com:vmk180:part0:3.1 available at C:/Xilinx/Vivado/2022.2/data/xhub/boards/XilinxBoardStore/boards/Xilinx/vmk180/production/3.1/board.xml as part xcvm1802-vsva2197-2mp-e-s specified in board_part file is either invalid or not available
WARNING: [Board 49-26] cannot add Board Part xilinx.com:vmk180_newl:part0:1.0 available at C:/Xilinx/Vivado/2022.2/data/xhub/boards/XilinxBoardStore/boards/Xilinx/vmk180_newl/production/1.0/board.xml as part xcvm1802-vsva2197-2mp-e-s specified in board_part file is either invalid or not available
WARNING: [Board 49-26] cannot add Board Part xilinx.com:vpk120:part0:1.0 available at C:/Xilinx/Vivado/2022.2/data/xhub/boards/XilinxBoardStore/boards/Xilinx/vpk120/production/1.0/board.xml as part xcvp1202-vsva2785-2mp-e-s specified in board_part file is either invalid or not available
WARNING: [Board 49-26] cannot add Board Part xilinx.com:vpk120_es:part0:1.2 available at C:/Xilinx/Vivado/2022.2/data/xhub/boards/XilinxBoardStore/boards/Xilinx/vpk120/es/1.2/board.xml as part xcvp1202-vsva2785-2mp-e-s-es1 specified in board_part file is either invalid or not available
WARNING: [Board 49-26] cannot add Board Part xilinx.com:vpk120_es_revb:part0:1.0 available at C:/Xilinx/Vivado/2022.2/data/xhub/boards/XilinxBoardStore/boards/Xilinx/vpk120_revb/es/1.0/board.xml as part xcvp1202-vsva2785-2mp-e-s-es1 specified in board_part file is either invalid or not available
WARNING: [Board 49-26] cannot add Board Part xilinx.com:vpk180_es:part0:1.0 available at C:/Xilinx/Vivado/2022.2/data/xhub/boards/XilinxBoardStore/boards/Xilinx/vpk180/es/1.0/board.xml as part xcvp1802-lsvc4072-2mp-e-s-es1 specified in board_part file is either invalid or not available
WARNING: [Board 49-26] cannot add Board Part xilinx.com:zc702:part0:1.4 available at C:/Xilinx/Vivado/2022.2/data/xhub/boards/XilinxBoardStore/boards/Xilinx/zc702/1.4/board.xml as part xc7z020clg484-1 specified in board_part file is either invalid or not available
WARNING: [Board 49-26] cannot add Board Part xilinx.com:zc706:part0:1.4 available at C:/Xilinx/Vivado/2022.2/data/xhub/boards/XilinxBoardStore/boards/Xilinx/zc706/1.4/board.xml as part xc7z045ffg900-2 specified in board_part file is either invalid or not available
WARNING: [Board 49-26] cannot add Board Part xilinx.com:zcu102:part0:3.3 available at C:/Xilinx/Vivado/2022.2/data/xhub/boards/XilinxBoardStore/boards/Xilinx/zcu102/3.3/board.xml as part xczu9eg-ffvb1156-2-e specified in board_part file is either invalid or not available
WARNING: [Board 49-26] cannot add Board Part xilinx.com:zcu102:part0:3.4 available at C:/Xilinx/Vivado/2022.2/data/xhub/boards/XilinxBoardStore/boards/Xilinx/zcu102/3.4/board.xml as part xczu9eg-ffvb1156-2-e specified in board_part file is either invalid or not available
WARNING: [Board 49-26] cannot add Board Part xilinx.com:zcu104:part0:1.1 available at C:/Xilinx/Vivado/2022.2/data/xhub/boards/XilinxBoardStore/boards/Xilinx/zcu104/1.1/board.xml as part xczu7ev-ffvc1156-2-e specified in board_part file is either invalid or not available
WARNING: [Board 49-26] cannot add Board Part xilinx.com:zcu106:part0:2.4 available at C:/Xilinx/Vivado/2022.2/data/xhub/boards/XilinxBoardStore/boards/Xilinx/zcu106/2.4/board.xml as part xczu7ev-ffvc1156-2-e specified in board_part file is either invalid or not available
WARNING: [Board 49-26] cannot add Board Part xilinx.com:zcu106:part0:2.5 available at C:/Xilinx/Vivado/2022.2/data/xhub/boards/XilinxBoardStore/boards/Xilinx/zcu106/2.5/board.xml as part xczu7ev-ffvc1156-2-e specified in board_part file is either invalid or not available
WARNING: [Board 49-26] cannot add Board Part xilinx.com:zcu106:part0:2.6 available at C:/Xilinx/Vivado/2022.2/data/xhub/boards/XilinxBoardStore/boards/Xilinx/zcu106/2.6/board.xml as part xczu7ev-ffvc1156-2-e specified in board_part file is either invalid or not available
WARNING: [Board 49-26] cannot add Board Part xilinx.com:zcu111:part0:1.2 available at C:/Xilinx/Vivado/2022.2/data/xhub/boards/XilinxBoardStore/boards/Xilinx/zcu111/1.2/board.xml as part xczu28dr-ffvg1517-2-e specified in board_part file is either invalid or not available
WARNING: [Board 49-26] cannot add Board Part xilinx.com:zcu111:part0:1.3 available at C:/Xilinx/Vivado/2022.2/data/xhub/boards/XilinxBoardStore/boards/Xilinx/zcu111/1.3/board.xml as part xczu28dr-ffvg1517-2-e specified in board_part file is either invalid or not available
WARNING: [Board 49-26] cannot add Board Part xilinx.com:zcu111:part0:1.4 available at C:/Xilinx/Vivado/2022.2/data/xhub/boards/XilinxBoardStore/boards/Xilinx/zcu111/1.4/board.xml as part xczu28dr-ffvg1517-2-e specified in board_part file is either invalid or not available
WARNING: [Board 49-26] cannot add Board Part xilinx.com:zcu1275:part0:1.0 available at C:/Xilinx/Vivado/2022.2/data/xhub/boards/XilinxBoardStore/boards/Xilinx/zcu1275/1.0/board.xml as part xczu29dr-ffvf1760-2-e specified in board_part file is either invalid or not available
WARNING: [Board 49-26] cannot add Board Part xilinx.com:zcu1285:part0:1.0 available at C:/Xilinx/Vivado/2022.2/data/xhub/boards/XilinxBoardStore/boards/Xilinx/zcu1285/1.0/board.xml as part xczu39dr-ffvf1760-2-i specified in board_part file is either invalid or not available
WARNING: [Board 49-26] cannot add Board Part xilinx.com:zcu208:part0:2.0 available at C:/Xilinx/Vivado/2022.2/data/xhub/boards/XilinxBoardStore/boards/Xilinx/zcu208/production/2.0/board.xml as part xczu48dr-fsvg1517-2-e specified in board_part file is either invalid or not available
WARNING: [Board 49-26] cannot add Board Part xilinx.com:zcu208ld:part0:2.0 available at C:/Xilinx/Vivado/2022.2/data/xhub/boards/XilinxBoardStore/boards/Xilinx/zcu208ld/production/2.0/board.xml as part xczu58dr-fsvg1517-2-i specified in board_part file is either invalid or not available
WARNING: [Board 49-26] cannot add Board Part xilinx.com:zcu216:part0:2.0 available at C:/Xilinx/Vivado/2022.2/data/xhub/boards/XilinxBoardStore/boards/Xilinx/zcu216/production/2.0/board.xml as part xczu49dr-ffvf1760-2-e specified in board_part file is either invalid or not available
WARNING: [Board 49-26] cannot add Board Part xilinx.com:zcu216ld:part0:2.0 available at C:/Xilinx/Vivado/2022.2/data/xhub/boards/XilinxBoardStore/boards/Xilinx/zcu216ld/production/2.0/board.xml as part xczu59dr-ffvf1760-2-i specified in board_part file is either invalid or not available
WARNING: [Board 49-26] cannot add Board Part xilinx.com:zcu670:part0:2.0 available at C:/Xilinx/Vivado/2022.2/data/xhub/boards/XilinxBoardStore/boards/Xilinx/zcu670/2.0/board.xml as part xczu67dr-fsve1156-2-i specified in board_part file is either invalid or not available
WARNING: [Board 49-26] cannot add Board Part xilinx.com:zcu670ld:part0:1.0 available at C:/Xilinx/Vivado/2022.2/data/xhub/boards/XilinxBoardStore/boards/Xilinx/zcu670ld/1.0/board.xml as part xczu57dr-fsve1156-2-i specified in board_part file is either invalid or not available
WARNING: [filemgmt 56-3] IP Repository Path: Could not find the directory 'C:/Users/29360/Desktop/ECE385/Tetris_4/labs/final_project/RD_hdmi_ip2020/hdmi_tx_1.0'.
Scanning sources...
Finished scanning sources
WARNING: [Project 1-509] GeneratedRun file for 'mb_block_mdm_1_0_synth_1' not found
WARNING: [Project 1-509] GeneratedRun file for 'mb_block_rst_clk_wiz_1_100M_0_synth_1' not found
WARNING: [Project 1-509] GeneratedRun file for 'mb_block_axi_uartlite_0_0_synth_1' not found
WARNING: [Project 1-509] GeneratedRun file for 'mb_block_ilmb_bram_if_cntlr_0_synth_1' not found
WARNING: [Project 1-509] GeneratedRun file for 'mb_block_clk_wiz_1_0_synth_1' not found
WARNING: [Project 1-509] GeneratedRun file for 'mb_block_dlmb_v10_0_synth_1' not found
WARNING: [Project 1-509] GeneratedRun file for 'mb_block_microblaze_0_0_synth_1' not found
WARNING: [Project 1-509] GeneratedRun file for 'mb_block_xbar_0_synth_1' not found
WARNING: [Project 1-509] GeneratedRun file for 'mb_block_microblaze_0_axi_intc_0_synth_1' not found
WARNING: [Project 1-509] GeneratedRun file for 'mb_block_dlmb_bram_if_cntlr_0_synth_1' not found
WARNING: [Project 1-509] GeneratedRun file for 'mb_block_ilmb_v10_0_synth_1' not found
WARNING: [Project 1-509] GeneratedRun file for 'mb_block_lmb_bram_0_synth_1' not found
WARNING: [Project 1-509] GeneratedRun file for 'hdmi_tx_0_synth_1' not found
WARNING: [Project 1-509] GeneratedRun file for 'clk_wiz_0_synth_1' not found
WARNING: [Project 1-509] GeneratedRun file for 'mb_block_axi_timer_0_0_synth_1' not found
WARNING: [Project 1-509] GeneratedRun file for 'mb_block_axi_quad_spi_0_0_synth_1' not found
WARNING: [Project 1-509] GeneratedRun file for 'mb_block_axi_gpio_0_2_synth_1' not found
WARNING: [Project 1-509] GeneratedRun file for 'mb_block_axi_gpio_0_3_synth_1' not found
WARNING: [Project 1-509] GeneratedRun file for 'mb_block_axi_gpio_0_1_synth_1' not found
INFO: [IP_Flow 19-234] Refreshing IP repositories
WARNING: [IP_Flow 19-2248] Failed to load user IP repository 'c:/Users/29360/Desktop/ECE385/Tetris_4/labs/final_project/RD_hdmi_ip2020/hdmi_tx_1.0'; Can't find the specified path.
If this directory should no longer be in your list of user repositories, go to the IP Settings dialog and remove it.
INFO: [IP_Flow 19-1700] Loaded user IP repository 'c:/Users/29360/Desktop/ECE385/lab6/lab6.2/hdmi_tx_1.0'.
INFO: [IP_Flow 19-2313] Loaded Vivado IP repository 'C:/Xilinx/Vivado/2022.2/data/ip'.
open_project: Time (s): cpu = 00:00:07 ; elapsed = 00:00:09 . Memory (MB): peak = 1249.043 ; gain = 275.141
launch_runs synth_1 -jobs 8
[Thu May  2 05:44:05 2024] Launched mb_block_mdm_1_0_synth_1, mb_block_rst_clk_wiz_1_100M_0_synth_1, mb_block_axi_uartlite_0_0_synth_1, mb_block_ilmb_bram_if_cntlr_0_synth_1, mb_block_clk_wiz_1_0_synth_1, mb_block_dlmb_v10_0_synth_1, mb_block_microblaze_0_0_synth_1, mb_block_xbar_0_synth_1, mb_block_microblaze_0_axi_intc_0_synth_1, mb_block_dlmb_bram_if_cntlr_0_synth_1, mb_block_ilmb_v10_0_synth_1, mb_block_lmb_bram_0_synth_1, hdmi_tx_0_synth_1, clk_wiz_0_synth_1, mb_block_axi_timer_0_0_synth_1, mb_block_axi_quad_spi_0_0_synth_1, mb_block_axi_gpio_0_2_synth_1, mb_block_axi_gpio_0_3_synth_1, mb_block_axi_gpio_0_1_synth_1...
Run output will be captured here:
mb_block_mdm_1_0_synth_1: C:/Users/29360/Desktop/ECE385/Tetris_4/Tetris/tetris_hardware/Tetris.runs/mb_block_mdm_1_0_synth_1/runme.log
mb_block_rst_clk_wiz_1_100M_0_synth_1: C:/Users/29360/Desktop/ECE385/Tetris_4/Tetris/tetris_hardware/Tetris.runs/mb_block_rst_clk_wiz_1_100M_0_synth_1/runme.log
mb_block_axi_uartlite_0_0_synth_1: C:/Users/29360/Desktop/ECE385/Tetris_4/Tetris/tetris_hardware/Tetris.runs/mb_block_axi_uartlite_0_0_synth_1/runme.log
mb_block_ilmb_bram_if_cntlr_0_synth_1: C:/Users/29360/Desktop/ECE385/Tetris_4/Tetris/tetris_hardware/Tetris.runs/mb_block_ilmb_bram_if_cntlr_0_synth_1/runme.log
mb_block_clk_wiz_1_0_synth_1: C:/Users/29360/Desktop/ECE385/Tetris_4/Tetris/tetris_hardware/Tetris.runs/mb_block_clk_wiz_1_0_synth_1/runme.log
mb_block_dlmb_v10_0_synth_1: C:/Users/29360/Desktop/ECE385/Tetris_4/Tetris/tetris_hardware/Tetris.runs/mb_block_dlmb_v10_0_synth_1/runme.log
mb_block_microblaze_0_0_synth_1: C:/Users/29360/Desktop/ECE385/Tetris_4/Tetris/tetris_hardware/Tetris.runs/mb_block_microblaze_0_0_synth_1/runme.log
mb_block_xbar_0_synth_1: C:/Users/29360/Desktop/ECE385/Tetris_4/Tetris/tetris_hardware/Tetris.runs/mb_block_xbar_0_synth_1/runme.log
mb_block_microblaze_0_axi_intc_0_synth_1: C:/Users/29360/Desktop/ECE385/Tetris_4/Tetris/tetris_hardware/Tetris.runs/mb_block_microblaze_0_axi_intc_0_synth_1/runme.log
mb_block_dlmb_bram_if_cntlr_0_synth_1: C:/Users/29360/Desktop/ECE385/Tetris_4/Tetris/tetris_hardware/Tetris.runs/mb_block_dlmb_bram_if_cntlr_0_synth_1/runme.log
mb_block_ilmb_v10_0_synth_1: C:/Users/29360/Desktop/ECE385/Tetris_4/Tetris/tetris_hardware/Tetris.runs/mb_block_ilmb_v10_0_synth_1/runme.log
mb_block_lmb_bram_0_synth_1: C:/Users/29360/Desktop/ECE385/Tetris_4/Tetris/tetris_hardware/Tetris.runs/mb_block_lmb_bram_0_synth_1/runme.log
hdmi_tx_0_synth_1: C:/Users/29360/Desktop/ECE385/Tetris_4/Tetris/tetris_hardware/Tetris.runs/hdmi_tx_0_synth_1/runme.log
clk_wiz_0_synth_1: C:/Users/29360/Desktop/ECE385/Tetris_4/Tetris/tetris_hardware/Tetris.runs/clk_wiz_0_synth_1/runme.log
mb_block_axi_timer_0_0_synth_1: C:/Users/29360/Desktop/ECE385/Tetris_4/Tetris/tetris_hardware/Tetris.runs/mb_block_axi_timer_0_0_synth_1/runme.log
mb_block_axi_quad_spi_0_0_synth_1: C:/Users/29360/Desktop/ECE385/Tetris_4/Tetris/tetris_hardware/Tetris.runs/mb_block_axi_quad_spi_0_0_synth_1/runme.log
mb_block_axi_gpio_0_2_synth_1: C:/Users/29360/Desktop/ECE385/Tetris_4/Tetris/tetris_hardware/Tetris.runs/mb_block_axi_gpio_0_2_synth_1/runme.log
mb_block_axi_gpio_0_3_synth_1: C:/Users/29360/Desktop/ECE385/Tetris_4/Tetris/tetris_hardware/Tetris.runs/mb_block_axi_gpio_0_3_synth_1/runme.log
mb_block_axi_gpio_0_1_synth_1: C:/Users/29360/Desktop/ECE385/Tetris_4/Tetris/tetris_hardware/Tetris.runs/mb_block_axi_gpio_0_1_synth_1/runme.log
[Thu May  2 05:44:08 2024] Launched synth_1...
Run output will be captured here: C:/Users/29360/Desktop/ECE385/Tetris_4/Tetris/tetris_hardware/Tetris.runs/synth_1/runme.log
launch_runs: Time (s): cpu = 00:00:03 ; elapsed = 00:00:07 . Memory (MB): peak = 1249.043 ; gain = 0.000
reset_project
launch_runs synth_1 -jobs 8
INFO: [BD 41-1662] The design 'mb_block.bd' is already validated. Therefore parameter propagation will not be re-run.
WARNING: [filemgmt 56-443] The ECC Algorithm string is empty. Setting the Memory Map to default ECC value to ECC_NONE.
WARNING: [filemgmt 56-443] The ECC Algorithm string is empty. Setting the Memory Map to default ECC value to ECC_NONE.
Verilog Output written to : c:/Users/29360/Desktop/ECE385/Tetris_4/Tetris/tetris_hardware/Tetris.gen/sources_1/bd/mb_block/synth/mb_block.v
Verilog Output written to : c:/Users/29360/Desktop/ECE385/Tetris_4/Tetris/tetris_hardware/Tetris.gen/sources_1/bd/mb_block/sim/mb_block.v
Verilog Output written to : c:/Users/29360/Desktop/ECE385/Tetris_4/Tetris/tetris_hardware/Tetris.gen/sources_1/bd/mb_block/hdl/mb_block_wrapper.v
INFO: [BD 41-1029] Generation completed for the IP Integrator block microblaze_0 .
INFO: [BD 41-1029] Generation completed for the IP Integrator block microblaze_0_local_memory/dlmb_v10 .
INFO: [BD 41-1029] Generation completed for the IP Integrator block microblaze_0_local_memory/ilmb_v10 .
INFO: [BD 41-1029] Generation completed for the IP Integrator block microblaze_0_local_memory/dlmb_bram_if_cntlr .
INFO: [BD 41-1029] Generation completed for the IP Integrator block microblaze_0_local_memory/ilmb_bram_if_cntlr .
INFO: [BD 41-1029] Generation completed for the IP Integrator block microblaze_0_local_memory/lmb_bram .
INFO: [BD 41-1029] Generation completed for the IP Integrator block microblaze_0_axi_periph/xbar .
INFO: [BD 41-1029] Generation completed for the IP Integrator block microblaze_0_axi_intc .
INFO: [Device 21-403] Loading part xc7s50csga324-1
INFO: [BD 41-1029] Generation completed for the IP Integrator block mdm_1 .
INFO: [BD 41-1029] Generation completed for the IP Integrator block clk_wiz_1 .
INFO: [BD 41-1029] Generation completed for the IP Integrator block rst_clk_wiz_1_100M .
WARNING: [IP_Flow 19-4994] Overwriting existing constraint file 'c:/Users/29360/Desktop/ECE385/Tetris_4/Tetris/tetris_hardware/Tetris.gen/sources_1/bd/mb_block/ip/mb_block_axi_uartlite_0_0/mb_block_axi_uartlite_0_0_ooc.xdc'
INFO: [BD 41-1029] Generation completed for the IP Integrator block axi_uartlite_0 .
INFO: [BD 41-1029] Generation completed for the IP Integrator block gpio_usb_rst .
INFO: [BD 41-1029] Generation completed for the IP Integrator block gpio_usb_int .
INFO: [BD 41-1029] Generation completed for the IP Integrator block gpio_usb_keycode .
WARNING: [IP_Flow 19-4994] Overwriting existing constraint file 'c:/Users/29360/Desktop/ECE385/Tetris_4/Tetris/tetris_hardware/Tetris.gen/sources_1/bd/mb_block/ip/mb_block_axi_timer_0_0/mb_block_axi_timer_0_0_ooc.xdc'
INFO: [BD 41-1029] Generation completed for the IP Integrator block timer_usb_axi .
INFO: [BD 41-1029] Generation completed for the IP Integrator block spi_usb .
INFO: [BD 41-1029] Generation completed for the IP Integrator block xlconcat_0 .
Exporting to file c:/Users/29360/Desktop/ECE385/Tetris_4/Tetris/tetris_hardware/Tetris.gen/sources_1/bd/mb_block/hw_handoff/mb_block.hwh
Generated Hardware Definition File c:/Users/29360/Desktop/ECE385/Tetris_4/Tetris/tetris_hardware/Tetris.gen/sources_1/bd/mb_block/synth/mb_block.hwdef
INFO: [IP_Flow 19-6930] IPCACHE: runCacheChecks() number of threads = 8
INFO: [IP_Flow 19-6921] IPCACHE: Adding cache check func to thread queue for IP mb_block_axi_gpio_0_1
INFO: [IP_Flow 19-6921] IPCACHE: Adding cache check func to thread queue for IP mb_block_axi_gpio_0_2
INFO: [IP_Flow 19-6921] IPCACHE: Adding cache check func to thread queue for IP mb_block_axi_gpio_0_3
INFO: [IP_Flow 19-6921] IPCACHE: Adding cache check func to thread queue for IP mb_block_axi_quad_spi_0_0
INFO: [IP_Flow 19-6921] IPCACHE: Adding cache check func to thread queue for IP mb_block_axi_timer_0_0
INFO: [IP_Flow 19-6921] IPCACHE: Adding cache check func to thread queue for IP mb_block_axi_uartlite_0_0
INFO: [IP_Flow 19-6921] IPCACHE: Adding cache check func to thread queue for IP mb_block_clk_wiz_1_0
INFO: [IP_Flow 19-6921] IPCACHE: Adding cache check func to thread queue for IP mb_block_dlmb_bram_if_cntlr_0
INFO: [IP_Flow 19-6921] IPCACHE: Adding cache check func to thread queue for IP mb_block_dlmb_v10_0
INFO: [IP_Flow 19-6921] IPCACHE: Adding cache check func to thread queue for IP mb_block_ilmb_bram_if_cntlr_0
INFO: [IP_Flow 19-6921] IPCACHE: Adding cache check func to thread queue for IP mb_block_ilmb_v10_0
INFO: [IP_Flow 19-6921] IPCACHE: Adding cache check func to thread queue for IP mb_block_lmb_bram_0
INFO: [IP_Flow 19-6921] IPCACHE: Adding cache check func to thread queue for IP mb_block_mdm_1_0
INFO: [IP_Flow 19-6921] IPCACHE: Adding cache check func to thread queue for IP mb_block_microblaze_0_0
INFO: [IP_Flow 19-6921] IPCACHE: Adding cache check func to thread queue for IP mb_block_microblaze_0_axi_intc_0
INFO: [IP_Flow 19-6921] IPCACHE: Adding cache check func to thread queue for IP mb_block_rst_clk_wiz_1_100M_0
INFO: [IP_Flow 19-6921] IPCACHE: Adding cache check func to thread queue for IP mb_block_xbar_0
INFO: [IP_Flow 19-8020] IPCACHE: runCacheChecks() calling threadPool finishWork()
INFO: [IP_Flow 19-6924] IPCACHE: Running cache check for IP inst: mb_block_axi_gpio_0_1
INFO: [IP_Flow 19-6924] IPCACHE: Running cache check for IP inst: mb_block_axi_gpio_0_2
INFO: [IP_Flow 19-6924] IPCACHE: Running cache check for IP inst: mb_block_ilmb_v10_0
INFO: [IP_Flow 19-6924] IPCACHE: Running cache check for IP inst: mb_block_lmb_bram_0
INFO: [IP_Flow 19-6924] IPCACHE: Running cache check for IP inst: mb_block_microblaze_0_0
INFO: [IP_Flow 19-6924] IPCACHE: Running cache check for IP inst: mb_block_rst_clk_wiz_1_100M_0
INFO: [IP_Flow 19-6924] IPCACHE: Running cache check for IP inst: mb_block_mdm_1_0
INFO: [IP_Flow 19-6924] IPCACHE: Running cache check for IP inst: mb_block_microblaze_0_axi_intc_0
INFO: [IP_Flow 19-6924] IPCACHE: Running cache check for IP inst: mb_block_xbar_0
INFO: [IP_Flow 19-6924] IPCACHE: Running cache check for IP inst: mb_block_axi_gpio_0_3
INFO: [IP_Flow 19-6924] IPCACHE: Running cache check for IP inst: mb_block_axi_quad_spi_0_0
INFO: [IP_Flow 19-6924] IPCACHE: Running cache check for IP inst: mb_block_axi_timer_0_0
INFO: [IP_Flow 19-6924] IPCACHE: Running cache check for IP inst: mb_block_axi_uartlite_0_0
INFO: [IP_Flow 19-6924] IPCACHE: Running cache check for IP inst: mb_block_clk_wiz_1_0
INFO: [IP_Flow 19-6924] IPCACHE: Running cache check for IP inst: mb_block_dlmb_bram_if_cntlr_0
INFO: [IP_Flow 19-6924] IPCACHE: Running cache check for IP inst: mb_block_dlmb_v10_0
INFO: [IP_Flow 19-6924] IPCACHE: Running cache check for IP inst: mb_block_ilmb_bram_if_cntlr_0
INFO: [IP_Flow 19-1686] Generating 'Synthesis' target for IP 'hdmi_tx_0'...
INFO: [IP_Flow 19-1686] Generating 'Synthesis' target for IP 'clk_wiz_0'...
INFO: [IP_Flow 19-1686] Generating 'Implementation' target for IP 'clk_wiz_0'...
[Thu May  2 05:50:17 2024] Launched mb_block_mdm_1_0_synth_1, mb_block_rst_clk_wiz_1_100M_0_synth_1, mb_block_axi_uartlite_0_0_synth_1, mb_block_ilmb_bram_if_cntlr_0_synth_1, mb_block_clk_wiz_1_0_synth_1, mb_block_dlmb_v10_0_synth_1, mb_block_microblaze_0_0_synth_1, mb_block_xbar_0_synth_1, mb_block_microblaze_0_axi_intc_0_synth_1, mb_block_dlmb_bram_if_cntlr_0_synth_1, mb_block_ilmb_v10_0_synth_1, mb_block_lmb_bram_0_synth_1, hdmi_tx_0_synth_1, clk_wiz_0_synth_1, mb_block_axi_timer_0_0_synth_1, mb_block_axi_quad_spi_0_0_synth_1, mb_block_axi_gpio_0_2_synth_1, mb_block_axi_gpio_0_3_synth_1, mb_block_axi_gpio_0_1_synth_1...
Run output will be captured here:
mb_block_mdm_1_0_synth_1: C:/Users/29360/Desktop/ECE385/Tetris_4/Tetris/tetris_hardware/Tetris.runs/mb_block_mdm_1_0_synth_1/runme.log
mb_block_rst_clk_wiz_1_100M_0_synth_1: C:/Users/29360/Desktop/ECE385/Tetris_4/Tetris/tetris_hardware/Tetris.runs/mb_block_rst_clk_wiz_1_100M_0_synth_1/runme.log
mb_block_axi_uartlite_0_0_synth_1: C:/Users/29360/Desktop/ECE385/Tetris_4/Tetris/tetris_hardware/Tetris.runs/mb_block_axi_uartlite_0_0_synth_1/runme.log
mb_block_ilmb_bram_if_cntlr_0_synth_1: C:/Users/29360/Desktop/ECE385/Tetris_4/Tetris/tetris_hardware/Tetris.runs/mb_block_ilmb_bram_if_cntlr_0_synth_1/runme.log
mb_block_clk_wiz_1_0_synth_1: C:/Users/29360/Desktop/ECE385/Tetris_4/Tetris/tetris_hardware/Tetris.runs/mb_block_clk_wiz_1_0_synth_1/runme.log
mb_block_dlmb_v10_0_synth_1: C:/Users/29360/Desktop/ECE385/Tetris_4/Tetris/tetris_hardware/Tetris.runs/mb_block_dlmb_v10_0_synth_1/runme.log
mb_block_microblaze_0_0_synth_1: C:/Users/29360/Desktop/ECE385/Tetris_4/Tetris/tetris_hardware/Tetris.runs/mb_block_microblaze_0_0_synth_1/runme.log
mb_block_xbar_0_synth_1: C:/Users/29360/Desktop/ECE385/Tetris_4/Tetris/tetris_hardware/Tetris.runs/mb_block_xbar_0_synth_1/runme.log
mb_block_microblaze_0_axi_intc_0_synth_1: C:/Users/29360/Desktop/ECE385/Tetris_4/Tetris/tetris_hardware/Tetris.runs/mb_block_microblaze_0_axi_intc_0_synth_1/runme.log
mb_block_dlmb_bram_if_cntlr_0_synth_1: C:/Users/29360/Desktop/ECE385/Tetris_4/Tetris/tetris_hardware/Tetris.runs/mb_block_dlmb_bram_if_cntlr_0_synth_1/runme.log
mb_block_ilmb_v10_0_synth_1: C:/Users/29360/Desktop/ECE385/Tetris_4/Tetris/tetris_hardware/Tetris.runs/mb_block_ilmb_v10_0_synth_1/runme.log
mb_block_lmb_bram_0_synth_1: C:/Users/29360/Desktop/ECE385/Tetris_4/Tetris/tetris_hardware/Tetris.runs/mb_block_lmb_bram_0_synth_1/runme.log
hdmi_tx_0_synth_1: C:/Users/29360/Desktop/ECE385/Tetris_4/Tetris/tetris_hardware/Tetris.runs/hdmi_tx_0_synth_1/runme.log
clk_wiz_0_synth_1: C:/Users/29360/Desktop/ECE385/Tetris_4/Tetris/tetris_hardware/Tetris.runs/clk_wiz_0_synth_1/runme.log
mb_block_axi_timer_0_0_synth_1: C:/Users/29360/Desktop/ECE385/Tetris_4/Tetris/tetris_hardware/Tetris.runs/mb_block_axi_timer_0_0_synth_1/runme.log
mb_block_axi_quad_spi_0_0_synth_1: C:/Users/29360/Desktop/ECE385/Tetris_4/Tetris/tetris_hardware/Tetris.runs/mb_block_axi_quad_spi_0_0_synth_1/runme.log
mb_block_axi_gpio_0_2_synth_1: C:/Users/29360/Desktop/ECE385/Tetris_4/Tetris/tetris_hardware/Tetris.runs/mb_block_axi_gpio_0_2_synth_1/runme.log
mb_block_axi_gpio_0_3_synth_1: C:/Users/29360/Desktop/ECE385/Tetris_4/Tetris/tetris_hardware/Tetris.runs/mb_block_axi_gpio_0_3_synth_1/runme.log
mb_block_axi_gpio_0_1_synth_1: C:/Users/29360/Desktop/ECE385/Tetris_4/Tetris/tetris_hardware/Tetris.runs/mb_block_axi_gpio_0_1_synth_1/runme.log
[Thu May  2 05:50:18 2024] Launched synth_1...
Run output will be captured here: C:/Users/29360/Desktop/ECE385/Tetris_4/Tetris/tetris_hardware/Tetris.runs/synth_1/runme.log
launch_runs: Time (s): cpu = 00:00:04 ; elapsed = 00:00:17 . Memory (MB): peak = 1597.504 ; gain = 348.461
reset_run synth_1
WARNING: [Vivado 12-1017] Problems encountered:
1. Failed to delete one or more files in run directory C:/Users/29360/Desktop/ECE385/Tetris_4/Tetris/tetris_hardware/Tetris.runs/synth_1

reset_run mb_block_axi_quad_spi_0_0_synth_1
WARNING: [Vivado 12-1017] Problems encountered:
1. Failed to delete one or more files in run directory C:/Users/29360/Desktop/ECE385/Tetris_4/Tetris/tetris_hardware/Tetris.runs/mb_block_axi_quad_spi_0_0_synth_1

reset_run mb_block_axi_gpio_0_2_synth_1
WARNING: [Vivado 12-1017] Problems encountered:
1. Failed to delete one or more files in run directory C:/Users/29360/Desktop/ECE385/Tetris_4/Tetris/tetris_hardware/Tetris.runs/mb_block_axi_gpio_0_2_synth_1

reset_run mb_block_axi_gpio_0_3_synth_1
WARNING: [Vivado 12-1017] Problems encountered:
1. Failed to delete one or more files in run directory C:/Users/29360/Desktop/ECE385/Tetris_4/Tetris/tetris_hardware/Tetris.runs/mb_block_axi_gpio_0_3_synth_1

reset_run mb_block_axi_gpio_0_1_synth_1
WARNING: [Vivado 12-1017] Problems encountered:
1. Failed to delete one or more files in run directory C:/Users/29360/Desktop/ECE385/Tetris_4/Tetris/tetris_hardware/Tetris.runs/mb_block_axi_gpio_0_1_synth_1

reset_runs
ERROR: [Common 17-163] Missing value for option 'runs', please type 'reset_runs -help' for usage info.
reset_runs
ERROR: [Common 17-163] Missing value for option 'runs', please type 'reset_runs -help' for usage info.
reset_runs -help
reset_runs

Description: 
Reset existing run(s).

Syntax: 
reset_runs  [-prev_step] [-from_step <arg>] [-quiet] [-verbose] <runs>

Usage: 
  Name          Description
  -------------------------
  [-prev_step]  Reset last run step
  [-from_step]  First Step to reset
  [-quiet]      Ignore command errors
  [-verbose]    Suspend message limits during command execution
  <runs>        Runs to modify

Categories: 
Project

Description:

  Resets the specified run(s) to an unimplemented or unsynthesized state. Use
  this command to reset the run(s) to prepare it to be run again.

Arguments:

  -prev_step - (Optional) Reset an implementation run from the last step
  completed. This can be used to reset an implementation run that is only
  partially completed because it was launched with the launch_runs -to_step
  command.

  -from_step <arg> - (Optional) Reset an implementation run from a specified
  step. This lets you restart a run from the specified step using the
  launch_runs -next_step command. Valid step values include:

   *  opt_design - Optionally optimize the logical design to more efficiently
      use the target device resources.

   *  power_opt_design - Optionally optimize elements of the logic design to
      reduce power demands of the implemented FPGA.

   *  place_design - Place logic cells onto the target device. This is a
      required step.

   *  power_opt_design (Post-Place) - Optionally optimize power demands of
      the placed logic elements.

   *  phys_opt_design - Optionally optimize design timing by replicating
      drives of high-fanout nets to better distribute the loads.

   *  route_design - Route the connections of the design onto the target
      FPGA. This is a required step.

   *  write_bitstream - Generate a bitstream file for Xilinx device
      configuration. This is a required step.

  -quiet - (Optional) Execute the command quietly, returning no messages from
  the command. The command also returns TCL_OK regardless of any errors
  encountered during execution.

  Note: Any errors encountered on the command-line, while launching the
  command, will be returned. Only errors occurring inside the command will be
  trapped.

  -verbose - (Optional) Temporarily override any message limits and return
  all messages from this command.

  Note: Message limits can be defined with the set_msg_config command.

  <runs> - (Required) The name of the run(s) to reset.

Examples:

  The following example resets the implementation run:

    reset_runs impl_1
    

  Note: The run directory and its contents will be removed from the hard disk
  since -noclean_dir is not specified.

  The following example resets the synthesis run, but disables the cleanup of
  the run directory:

    reset_runs -noclean_dir synth_1
    

  In this example, because -noclean_dir is specified, the synth_1 run
  directory is not removed and a new run directory called synth_1_2 will be
  created when the run is launched.

See Also:

   *  create_run
   *  launch_runs
   *  opt_design
   *  place_design
   *  route_design
reset_runs synth
WARNING: [Vivado 12-821] No runs matched 'synth'
ERROR: [Common 17-162] Invalid option value specified for '-runs'.
reset_runs synth.
WARNING: [Vivado 12-821] No runs matched 'synth.'
ERROR: [Common 17-162] Invalid option value specified for '-runs'.
reset_runs synth
WARNING: [Vivado 12-821] No runs matched 'synth'
ERROR: [Common 17-162] Invalid option value specified for '-runs'.
reset_runs all
WARNING: [Vivado 12-821] No runs matched 'all'
ERROR: [Common 17-162] Invalid option value specified for '-runs'.
create_run synth_2 -flow {Vivado Synthesis 2022}
Run is defaulting to srcset: sources_1
Run is defaulting to constrset: constrs_1
Run is defaulting to part: xc7s50csga324-1
launch_runs synth_2 -jobs 8
INFO: [IP_Flow 19-6930] IPCACHE: runCacheChecks() number of threads = 8
INFO: [IP_Flow 19-6921] IPCACHE: Adding cache check func to thread queue for IP mb_block_axi_gpio_0_1
INFO: [IP_Flow 19-6921] IPCACHE: Adding cache check func to thread queue for IP mb_block_axi_gpio_0_2
INFO: [IP_Flow 19-6921] IPCACHE: Adding cache check func to thread queue for IP mb_block_axi_gpio_0_3
INFO: [IP_Flow 19-6921] IPCACHE: Adding cache check func to thread queue for IP mb_block_axi_quad_spi_0_0
INFO: [IP_Flow 19-8020] IPCACHE: runCacheChecks() calling threadPool finishWork()
INFO: [IP_Flow 19-6924] IPCACHE: Running cache check for IP inst: mb_block_axi_gpio_0_1
INFO: [IP_Flow 19-6924] IPCACHE: Running cache check for IP inst: mb_block_axi_gpio_0_2
INFO: [IP_Flow 19-6924] IPCACHE: Running cache check for IP inst: mb_block_axi_gpio_0_3
INFO: [IP_Flow 19-6924] IPCACHE: Running cache check for IP inst: mb_block_axi_quad_spi_0_0
WARNING: [Vivado 12-7122] Auto Incremental Compile:: No reference checkpoint was found in run synth_2. Auto-incremental flow will not be run, the standard flow will be run instead.
[Thu May  2 05:55:49 2024] Launched mb_block_axi_quad_spi_0_0_synth_1, mb_block_axi_gpio_0_2_synth_1, mb_block_axi_gpio_0_3_synth_1, mb_block_axi_gpio_0_1_synth_1...
Run output will be captured here:
mb_block_axi_quad_spi_0_0_synth_1: C:/Users/29360/Desktop/ECE385/Tetris_4/Tetris/tetris_hardware/Tetris.runs/mb_block_axi_quad_spi_0_0_synth_1/runme.log
mb_block_axi_gpio_0_2_synth_1: C:/Users/29360/Desktop/ECE385/Tetris_4/Tetris/tetris_hardware/Tetris.runs/mb_block_axi_gpio_0_2_synth_1/runme.log
mb_block_axi_gpio_0_3_synth_1: C:/Users/29360/Desktop/ECE385/Tetris_4/Tetris/tetris_hardware/Tetris.runs/mb_block_axi_gpio_0_3_synth_1/runme.log
mb_block_axi_gpio_0_1_synth_1: C:/Users/29360/Desktop/ECE385/Tetris_4/Tetris/tetris_hardware/Tetris.runs/mb_block_axi_gpio_0_1_synth_1/runme.log
[Thu May  2 05:55:49 2024] Launched synth_2...
Run output will be captured here: C:/Users/29360/Desktop/ECE385/Tetris_4/Tetris/tetris_hardware/Tetris.runs/synth_2/runme.log
reset_run synth_2
exit
INFO: [Common 17-206] Exiting Vivado at Thu May  2 05:57:23 2024...
